"../../../Engine/Plugins/2D/Paper2D/Content/PlaceholderTextures/DummySpriteTexture.ubulk" 0
"../../../Engine/Plugins/2D/Paper2D/Content/PlaceholderTextures/DummySpriteTexture.uasset" 1
"../../../Engine/Plugins/2D/Paper2D/Content/PlaceholderTextures/DummySpriteTexture.uexp" 2
"../../../Engine/Plugins/2D/Paper2D/Content/DummySprite.uasset" 3
"../../../Engine/Plugins/2D/Paper2D/Content/DummySprite.uexp" 4
"../../../Engine/Plugins/2D/Paper2D/Content/DefaultPaperTerrainMaterial.uasset" 5
"../../../Engine/Plugins/2D/Paper2D/Content/DefaultPaperTerrainMaterial.uexp" 6
"../../../Engine/Content/Animation/DefaultRecorderBoneCompression.uasset" 7
"../../../Engine/Content/Animation/DefaultRecorderBoneCompression.uexp" 8
"../../../Engine/Content/EngineFonts/Faces/DroidSansFallback.uexp" 9
"../../../Engine/Content/EngineFonts/Faces/DroidSansFallback.uasset" 10
"../../../Engine/Content/EngineFonts/Faces/DroidSansFallback.ufont" 11
"../../../Engine/Content/EngineFonts/Faces/RobotoBold.uexp" 12
"../../../Engine/Content/EngineFonts/Faces/RobotoBold.uasset" 13
"../../../Engine/Content/EngineFonts/Faces/RobotoBold.ufont" 14
"../../../Engine/Content/EngineFonts/Faces/RobotoBoldItalic.uexp" 15
"../../../Engine/Content/EngineFonts/Faces/RobotoBoldItalic.uasset" 16
"../../../Engine/Content/EngineFonts/Faces/RobotoBoldItalic.ufont" 17
"../../../Engine/Content/EngineFonts/Faces/RobotoItalic.uexp" 18
"../../../Engine/Content/EngineFonts/Faces/RobotoItalic.uasset" 19
"../../../Engine/Content/EngineFonts/Faces/RobotoItalic.ufont" 20
"../../../Engine/Content/EngineFonts/Faces/RobotoLight.uexp" 21
"../../../Engine/Content/EngineFonts/Faces/RobotoLight.uasset" 22
"../../../Engine/Content/EngineFonts/Faces/RobotoLight.ufont" 23
"../../../Engine/Content/EngineFonts/Faces/RobotoRegular.uexp" 24
"../../../Engine/Content/EngineFonts/Faces/RobotoRegular.uasset" 25
"../../../Engine/Content/EngineFonts/Faces/RobotoRegular.ufont" 26
"../../../Engine/Content/EngineFonts/Roboto.uasset" 27
"../../../Engine/Content/EngineFonts/Roboto.uexp" 28
"../../../Engine/Content/EngineMaterials/DefaultDestructiblePhysicalMaterial.uasset" 29
"../../../Engine/Content/EngineMaterials/DefaultDestructiblePhysicalMaterial.uexp" 30
"../../../Engine/Content/EngineMaterials/DefaultPhysicalMaterial.uasset" 31
"../../../Engine/Content/EngineMaterials/DefaultPhysicalMaterial.uexp" 32
"../../../Engine/Content/EngineSounds/Master.uasset" 33
"../../../Engine/Content/EngineSounds/Master.uexp" 34
"../../../Engine/Plugins/Animation/ControlRig/Content/Controls/DefaultGizmoLibraryNormalized.uasset" 35
"../../../Engine/Plugins/Animation/ControlRig/Content/Controls/DefaultGizmoLibraryNormalized.uexp" 36
"../../../Engine/Content/MobileResources/HUD/VirtualJoystick_Background.uasset" 37
"../../../Engine/Content/MobileResources/HUD/VirtualJoystick_Background.uexp" 38
"../../../Engine/Content/MobileResources/HUD/VirtualJoystick_Thumb.uasset" 39
"../../../Engine/Content/MobileResources/HUD/VirtualJoystick_Thumb.uexp" 40
"../../../Engine/Content/MobileResources/HUD/DefaultVirtualJoysticks.uasset" 41
"../../../Engine/Content/MobileResources/HUD/DefaultVirtualJoysticks.uexp" 42
"../../../Engine/Plugins/2D/Paper2D/Content/DefaultSpriteMaterial.uasset" 43
"../../../Engine/Plugins/2D/Paper2D/Content/DefaultSpriteMaterial.uexp" 44
"../../../Engine/Plugins/2D/Paper2D/Content/MaskedUnlitSpriteMaterial.uasset" 45
"../../../Engine/Plugins/2D/Paper2D/Content/MaskedUnlitSpriteMaterial.uexp" 46
"../../../Engine/Content/EngineMaterials/T_Default_Material_Grid_M.ubulk" 47
"../../../Engine/Content/EngineMaterials/T_Default_Material_Grid_M.uasset" 48
"../../../Engine/Content/EngineMaterials/T_Default_Material_Grid_M.uexp" 49
"../../../Engine/Content/EngineMaterials/T_Default_Material_Grid_N.ubulk" 50
"../../../Engine/Content/EngineMaterials/T_Default_Material_Grid_N.uasset" 51
"../../../Engine/Content/EngineMaterials/T_Default_Material_Grid_N.uexp" 52
"../../../Engine/Content/Functions/Engine_MaterialFunctions01/Opacity/CameraDepthFade.uasset" 53
"../../../Engine/Content/Functions/Engine_MaterialFunctions01/Opacity/CameraDepthFade.uexp" 54
"../../../Engine/Content/EngineMaterials/WorldGridMaterial.uasset" 55
"../../../Engine/Content/EngineMaterials/WorldGridMaterial.uexp" 56
"../../../Engine/Content/BasicShapes/Plane.ubulk" 57
"../../../Engine/Content/BasicShapes/Plane.uasset" 58
"../../../Engine/Content/BasicShapes/Plane.uexp" 59
"../../../Engine/Plugins/2D/Paper2D/Content/OpaqueUnlitSpriteMaterial.uasset" 60
"../../../Engine/Plugins/2D/Paper2D/Content/OpaqueUnlitSpriteMaterial.uexp" 61
"../../../Engine/Content/EngineMaterials/DefaultMaterial.uasset" 62
"../../../Engine/Content/EngineMaterials/DefaultMaterial.uexp" 63
"../../../Engine/Content/BasicShapes/Sphere.ubulk" 64
"../../../Engine/Content/BasicShapes/Sphere.uasset" 65
"../../../Engine/Content/BasicShapes/Sphere.uexp" 66
"../../../Engine/Content/Functions/Engine_MaterialFunctions02/WorldPositionOffset/CameraOffset.uasset" 67
"../../../Engine/Content/Functions/Engine_MaterialFunctions02/WorldPositionOffset/CameraOffset.uexp" 68
"../../../Engine/Plugins/Animation/ControlRig/Content/M_Manip.uasset" 69
"../../../Engine/Plugins/Animation/ControlRig/Content/M_Manip.uexp" 70
"../../../Engine/Content/EditorResources/S_Solver.ubulk" 71
"../../../Engine/Content/EditorResources/S_Solver.uasset" 72
"../../../Engine/Content/EditorResources/S_Solver.uexp" 73
"../../../Engine/Content/EditorResources/S_Terrain.ubulk" 74
"../../../Engine/Content/EditorResources/S_Terrain.uasset" 75
"../../../Engine/Content/EditorResources/S_Terrain.uexp" 76
"../../../Engine/Content/EditorResources/S_Trigger.ubulk" 77
"../../../Engine/Content/EditorResources/S_Trigger.uasset" 78
"../../../Engine/Content/EditorResources/S_Trigger.uexp" 79
"../../../Engine/Content/EditorResources/S_TriggerBox.uasset" 80
"../../../Engine/Content/EditorResources/S_TriggerBox.uexp" 81
"../../../Engine/Content/EditorResources/S_TriggerCapsule.uasset" 82
"../../../Engine/Content/EditorResources/S_TriggerCapsule.uexp" 83
"../../../Engine/Content/EditorResources/S_TriggerSphere.uasset" 84
"../../../Engine/Content/EditorResources/S_TriggerSphere.uexp" 85
"../../../Engine/Content/EngineMaterials/DefaultDiffuse.ubulk" 86
"../../../Engine/Content/EngineMaterials/DefaultDiffuse.uasset" 87
"../../../Engine/Content/EngineMaterials/DefaultDiffuse.uexp" 88
"../../../Engine/Content/EngineMaterials/DefaultDeferredDecalMaterial.uasset" 89
"../../../Engine/Content/EngineMaterials/DefaultDeferredDecalMaterial.uexp" 90
"../../../Engine/Content/EditorMaterials/PhAT_NoCollisionMaterial.uasset" 91
"../../../Engine/Content/EditorMaterials/PhAT_NoCollisionMaterial.uexp" 92
"../../../Engine/Content/EditorMaterials/PhAT_UnselectedMaterial.uasset" 93
"../../../Engine/Content/EditorMaterials/PhAT_UnselectedMaterial.uexp" 94
"../../../Engine/Content/EngineMaterials/DefaultLightFunctionMaterial.uasset" 95
"../../../Engine/Content/EngineMaterials/DefaultLightFunctionMaterial.uexp" 96
"../../../Engine/Content/EditorMaterials/PreviewShadowIndicator.ubulk" 97
"../../../Engine/Content/EditorMaterials/PreviewShadowIndicator.uasset" 98
"../../../Engine/Content/EditorMaterials/PreviewShadowIndicator.uexp" 99
"../../../Engine/Content/EditorMaterials/PreviewShadowIndicatorMaterial.uasset" 100
"../../../Engine/Content/EditorMaterials/PreviewShadowIndicatorMaterial.uexp" 101
"../../../Engine/Content/Functions/Engine_MaterialFunctions02/Utility/BreakOutFloat2Components.uasset" 102
"../../../Engine/Content/Functions/Engine_MaterialFunctions02/Utility/BreakOutFloat2Components.uexp" 103
"../../../Engine/Content/EngineMaterials/DefaultPostProcessMaterial.uasset" 104
"../../../Engine/Content/EngineMaterials/DefaultPostProcessMaterial.uexp" 105
"../../../Engine/Content/EngineFonts/RobotoDistanceField.uasset" 106
"../../../Engine/Content/EngineFonts/RobotoDistanceField.uexp" 107
"../../../Engine/Content/EngineMaterials/DefaultTextMaterialOpaque.uasset" 108
"../../../Engine/Content/EngineMaterials/DefaultTextMaterialOpaque.uexp" 109
"../../../Engine/Content/EngineMaterials/DefaultWhiteGrid.ubulk" 110
"../../../Engine/Content/EngineMaterials/DefaultWhiteGrid.uasset" 111
"../../../Engine/Content/EngineMaterials/DefaultWhiteGrid.uexp" 112
"../../../Engine/Content/EngineDamageTypes/DmgTypeBP_Environmental.uasset" 113
"../../../Engine/Content/EngineDamageTypes/DmgTypeBP_Environmental.uexp" 114
"../../../Engine/Content/EngineMaterials/DefaultWhiteGrid_Low.uasset" 115
"../../../Engine/Content/EngineMaterials/DefaultWhiteGrid_Low.uexp" 116
"../../../Engine/Content/EngineMaterials/EmissiveMeshMaterial.uasset" 117
"../../../Engine/Content/EngineMaterials/EmissiveMeshMaterial.uexp" 118
"../../../Engine/Content/EngineMaterials/FastBlueNoise_scalar_128x128x64.uasset" 119
"../../../Engine/Content/EngineMaterials/FastBlueNoise_scalar_128x128x64.uexp" 120
"../../../Engine/Content/EngineMaterials/FastBlueNoise_scalar_128x128x8.uasset" 121
"../../../Engine/Content/EngineMaterials/FastBlueNoise_scalar_128x128x8.uexp" 122
"../../../Engine/Plugins/Media/MediaPlate/Content/SM_MediaPlateScreen.ubulk" 123
"../../../Engine/Plugins/Media/MediaPlate/Content/SM_MediaPlateScreen.uasset" 124
"../../../Engine/Plugins/Media/MediaPlate/Content/SM_MediaPlateScreen.uexp" 125
"../../../Engine/Content/EngineMaterials/FastBlueNoise_vec2_128x128x64.uasset" 126
"../../../Engine/Content/EngineMaterials/FastBlueNoise_vec2_128x128x64.uexp" 127
"../../../Engine/Plugins/NNE/NNEDenoiser/Content/NNEDIM_ColorAlbedoNormal_Alpha.uasset" 128
"../../../Engine/Plugins/NNE/NNEDenoiser/Content/NNEDIM_ColorAlbedoNormal_Alpha.uexp" 129
"../../../Engine/Plugins/NNE/NNEDenoiser/Content/NNEDIM_ColorAlbedoNormal_Default.uasset" 130
"../../../Engine/Plugins/NNE/NNEDenoiser/Content/NNEDIM_ColorAlbedoNormal_Default.uexp" 131
"../../../Engine/Plugins/NNE/NNEDenoiser/Content/NNEDIM_HighQuality_Alpha.uasset" 132
"../../../Engine/Plugins/NNE/NNEDenoiser/Content/NNEDIM_HighQuality_Alpha.uexp" 133
"../../../Engine/Content/EngineDebugMaterials/DebugEditorMaterial.uasset" 134
"../../../Engine/Content/EngineDebugMaterials/DebugEditorMaterial.uexp" 135
"../../../Engine/Plugins/NNE/NNEDenoiser/Content/NNEDIM_HighQuality_Default.uasset" 136
"../../../Engine/Plugins/NNE/NNEDenoiser/Content/NNEDIM_HighQuality_Default.uexp" 137
"../../../Engine/Plugins/NNE/NNEDenoiser/Content/NNEDOM_Output_Alpha.uasset" 138
"../../../Engine/Plugins/NNE/NNEDenoiser/Content/NNEDOM_Output_Alpha.uexp" 139
"../../../Engine/Content/EngineMaterials/BaseFlattenDiffuseMap.uasset" 140
"../../../Engine/Content/EngineMaterials/BaseFlattenDiffuseMap.uexp" 141
"../../../Engine/Content/EngineMaterials/BaseFlattenEmissiveMap.uasset" 142
"../../../Engine/Content/EngineMaterials/BaseFlattenEmissiveMap.uexp" 143
"../../../Engine/Content/EngineMaterials/BaseFlattenGrayscaleMap.uasset" 144
"../../../Engine/Content/EngineMaterials/BaseFlattenGrayscaleMap.uexp" 145
"../../../Engine/Content/EngineMaterials/BaseFlattenLinearColor.uasset" 146
"../../../Engine/Content/EngineMaterials/BaseFlattenLinearColor.uexp" 147
"../../../Engine/Content/EngineMaterials/BaseFlattenNormalMap.uasset" 148
"../../../Engine/Content/EngineMaterials/BaseFlattenNormalMap.uexp" 149
"../../../Engine/Content/Functions/Engine_MaterialFunctions02/PivotPainter2/Black_1x1_EXR_Texture.uasset" 150
"../../../Engine/Content/Functions/Engine_MaterialFunctions02/PivotPainter2/Black_1x1_EXR_Texture.uexp" 151
"../../../Engine/Content/EngineMaterials/FlattenMaterial.uasset" 152
"../../../Engine/Content/EngineMaterials/FlattenMaterial.uexp" 153
"../../../Engine/Plugins/NNE/NNEDenoiser/Content/NNEDOM_Output_Default.uasset" 154
"../../../Engine/Plugins/NNE/NNEDenoiser/Content/NNEDOM_Output_Default.uexp" 155
"../../../Engine/Content/EngineDebugMaterials/DebugMeshMaterial.uasset" 156
"../../../Engine/Content/EngineDebugMaterials/DebugMeshMaterial.uexp" 157
"../../../Engine/Plugins/NNE/NNEDenoiser/Content/NNEDTIM_ColorAlbedoNormal_Alpha.uasset" 158
"../../../Engine/Plugins/NNE/NNEDenoiser/Content/NNEDTIM_ColorAlbedoNormal_Alpha.uexp" 159
"../../../Engine/Content/EngineMaterials/BaseFlattenDiffuseMap_VT.ubulk" 160
"../../../Engine/Content/EngineMaterials/BaseFlattenDiffuseMap_VT.uasset" 161
"../../../Engine/Content/EngineMaterials/BaseFlattenDiffuseMap_VT.uexp" 162
"../../../Engine/Content/EngineMaterials/BaseFlattenEmissiveMap_VT.ubulk" 163
"../../../Engine/Content/EngineMaterials/BaseFlattenEmissiveMap_VT.uasset" 164
"../../../Engine/Content/EngineMaterials/BaseFlattenEmissiveMap_VT.uexp" 165
"../../../Engine/Content/EngineMaterials/BaseFlattenGrayscaleMap_VT.ubulk" 166
"../../../Engine/Content/EngineMaterials/BaseFlattenGrayscaleMap_VT.uasset" 167
"../../../Engine/Content/EngineMaterials/BaseFlattenGrayscaleMap_VT.uexp" 168
"../../../Engine/Content/EngineMaterials/BaseFlattenLinearColor_VT.ubulk" 169
"../../../Engine/Content/EngineMaterials/BaseFlattenLinearColor_VT.uasset" 170
"../../../Engine/Content/EngineMaterials/BaseFlattenLinearColor_VT.uexp" 171
"../../../Engine/Content/EngineMaterials/BaseFlattenNormalMap_VT.ubulk" 172
"../../../Engine/Content/EngineMaterials/BaseFlattenNormalMap_VT.uasset" 173
"../../../Engine/Content/EngineMaterials/BaseFlattenNormalMap_VT.uexp" 174
"../../../Engine/Content/EngineMaterials/Black_1x1_EXR_Texture_VT.ubulk" 175
"../../../Engine/Content/EngineMaterials/Black_1x1_EXR_Texture_VT.uasset" 176
"../../../Engine/Content/EngineMaterials/Black_1x1_EXR_Texture_VT.uexp" 177
"../../../Engine/Content/EngineMaterials/FlattenMaterial_VT.uasset" 178
"../../../Engine/Content/EngineMaterials/FlattenMaterial_VT.uexp" 179
"../../../Engine/Plugins/NNE/NNEDenoiser/Content/NNEDTIM_ColorAlbedoNormal_Default.uasset" 180
"../../../Engine/Plugins/NNE/NNEDenoiser/Content/NNEDTIM_ColorAlbedoNormal_Default.uexp" 181
"../../../Engine/Plugins/NNE/NNEDenoiser/Content/NNEDTOM_Output_Alpha.uasset" 182
"../../../Engine/Plugins/NNE/NNEDenoiser/Content/NNEDTOM_Output_Alpha.uexp" 183
"../../../Engine/Plugins/NNE/NNEDenoiser/Content/NNEDTOM_Output_Default.uasset" 184
"../../../Engine/Plugins/NNE/NNEDenoiser/Content/NNEDTOM_Output_Default.uexp" 185
"../../../Engine/Plugins/NNE/NNEDenoiser/Content/NNEDT_Oidn2-3_Balanced.uasset" 186
"../../../Engine/Plugins/NNE/NNEDenoiser/Content/NNEDT_Oidn2-3_Balanced.uexp" 187
"../../../Engine/Plugins/NNE/NNEDenoiser/Content/NNEDT_Oidn2-3_Balanced_Alpha.uasset" 188
"../../../Engine/Plugins/NNE/NNEDenoiser/Content/NNEDT_Oidn2-3_Balanced_Alpha.uexp" 189
"../../../Engine/Plugins/NNE/NNEDenoiser/Content/NNED_Oidn2-3_Balanced.uasset" 190
"../../../Engine/Plugins/NNE/NNEDenoiser/Content/NNED_Oidn2-3_Balanced.uexp" 191
"../../../Engine/Content/EngineMaterials/FlattenMaterial_WS_Normal_VT.uasset" 192
"../../../Engine/Content/EngineMaterials/FlattenMaterial_WS_Normal_VT.uexp" 193
"../../../Engine/Plugins/NNE/NNEDenoiser/Content/NNED_Oidn2-3_Balanced_Alpha.uasset" 194
"../../../Engine/Plugins/NNE/NNEDenoiser/Content/NNED_Oidn2-3_Balanced_Alpha.uexp" 195
"../../../Engine/Plugins/NNE/NNEDenoiser/Content/NNED_Oidn2-3_Fast.uasset" 196
"../../../Engine/Plugins/NNE/NNEDenoiser/Content/NNED_Oidn2-3_Fast.uexp" 197
"../../../Engine/Plugins/NNE/NNEDenoiser/Content/NNED_Oidn2-3_Fast_Alpha.uasset" 198
"../../../Engine/Plugins/NNE/NNEDenoiser/Content/NNED_Oidn2-3_Fast_Alpha.uexp" 199
"../../../Engine/Plugins/NNE/NNEDenoiser/Content/NNED_Oidn2-3_HighQuality.uasset" 200
"../../../Engine/Plugins/NNE/NNEDenoiser/Content/NNED_Oidn2-3_HighQuality.uexp" 201
"../../../Engine/Plugins/NNE/NNEDenoiser/Content/NNED_Oidn2-3_HighQuality_Alpha.uasset" 202
"../../../Engine/Plugins/NNE/NNEDenoiser/Content/NNED_Oidn2-3_HighQuality_Alpha.uexp" 203
"../../../Engine/Plugins/NNE/NNEDenoiser/Content/NNE_oidn2-3-0_rt_hdr_alb_nrm_small__dyn__fp16_opset11_DenoiseAlpha.uasset" 204
"../../../Engine/Plugins/NNE/NNEDenoiser/Content/NNE_oidn2-3-0_rt_hdr_alb_nrm_small__dyn__fp16_opset11_DenoiseAlpha.uexp" 205
"../../../Engine/Plugins/NNE/NNEDenoiser/Content/NNE_oidn2-3-0_rt_hdr_alb_nrm_small__dyn__fp16_opset11_ForwardAlpha.uasset" 206
"../../../Engine/Plugins/NNE/NNEDenoiser/Content/NNE_oidn2-3-0_rt_hdr_alb_nrm_small__dyn__fp16_opset11_ForwardAlpha.uexp" 207
"../../../Engine/Plugins/NNE/NNEDenoiser/Content/NNE_oidn2-3-0_rt_hdr_alb_nrm__dyn__fp16_opset11_DenoiseAlpha.uasset" 208
"../../../Engine/Plugins/NNE/NNEDenoiser/Content/NNE_oidn2-3-0_rt_hdr_alb_nrm__dyn__fp16_opset11_DenoiseAlpha.uexp" 209
"../../../Engine/Plugins/NNE/NNEDenoiser/Content/NNE_oidn2-3-0_rt_hdr_alb_nrm__dyn__fp16_opset11_ForwardAlpha.uasset" 210
"../../../Engine/Plugins/NNE/NNEDenoiser/Content/NNE_oidn2-3-0_rt_hdr_alb_nrm__dyn__fp16_opset11_ForwardAlpha.uexp" 211
"../../../Engine/Content/EngineMaterials/GizmoMaterial.uasset" 212
"../../../Engine/Content/EngineMaterials/GizmoMaterial.uexp" 213
"../../../Engine/Plugins/NNE/NNEDenoiser/Content/NNE_oidn2-3-0_rt_hdr_calb_cnrm_large__dyn__fp16_opset11_DenoiseAlpha.uasset" 214
"../../../Engine/Plugins/NNE/NNEDenoiser/Content/NNE_oidn2-3-0_rt_hdr_calb_cnrm_large__dyn__fp16_opset11_DenoiseAlpha.uexp" 215
"../../../Engine/Plugins/NNE/NNEDenoiser/Content/NNE_oidn2-3-0_rt_hdr_calb_cnrm_large__dyn__fp16_opset11_ForwardAlpha.uasset" 216
"../../../Engine/Plugins/NNE/NNEDenoiser/Content/NNE_oidn2-3-0_rt_hdr_calb_cnrm_large__dyn__fp16_opset11_ForwardAlpha.uexp" 217
"../../../Engine/Content/EditorLandscapeResources/DefaultAlphaTexture.uasset" 218
"../../../Engine/Content/EditorLandscapeResources/DefaultAlphaTexture.uexp" 219
"../../../Engine/Content/EditorLandscapeResources/ColorMaskBrushMaterial.uasset" 220
"../../../Engine/Content/EditorLandscapeResources/ColorMaskBrushMaterial.uexp" 221
"../../../Engine/Content/EditorLandscapeResources/ColorMaskBrushMaterial_MaskedRegion.uasset" 222
"../../../Engine/Content/EditorLandscapeResources/ColorMaskBrushMaterial_MaskedRegion.uexp" 223
"../../../Engine/Content/BasicShapes/BasicShapeMaterial.uasset" 224
"../../../Engine/Content/BasicShapes/BasicShapeMaterial.uexp" 225
"../../../Engine/Content/BasicShapes/Cone.ubulk" 226
"../../../Engine/Content/BasicShapes/Cone.uasset" 227
"../../../Engine/Content/BasicShapes/Cone.uexp" 228
"../../../Engine/Content/EngineMeshes/Sphere.ubulk" 229
"../../../Engine/Content/EngineMeshes/Sphere.uasset" 230
"../../../Engine/Content/EngineMeshes/Sphere.uexp" 231
"../../../Engine/Content/EditorLandscapeResources/LandscapeDirtyMaterial.uasset" 232
"../../../Engine/Content/EditorLandscapeResources/LandscapeDirtyMaterial.uexp" 233
"../../../Engine/Content/EngineMaterials/MiniFont.uasset" 234
"../../../Engine/Content/EngineMaterials/MiniFont.uexp" 235
"../../../Engine/Content/EngineMaterials/InvalidLightmapSettings.ubulk" 236
"../../../Engine/Content/EngineMaterials/InvalidLightmapSettings.uasset" 237
"../../../Engine/Content/EngineMaterials/InvalidLightmapSettings.uexp" 238
"../../../Engine/Content/EngineMaterials/M_InvalidLightmapSettings.uasset" 239
"../../../Engine/Content/EngineMaterials/M_InvalidLightmapSettings.uexp" 240
"../../../Engine/Content/BasicShapes/Cylinder.ubulk" 241
"../../../Engine/Content/BasicShapes/Cylinder.uasset" 242
"../../../Engine/Content/BasicShapes/Cylinder.uexp" 243
"../../../Engine/Content/EngineMaterials/NaniteHiddenSectionMaterial.uasset" 244
"../../../Engine/Content/EngineMaterials/NaniteHiddenSectionMaterial.uexp" 245
"../../../Engine/Content/Functions/Engine_MaterialFunctions02/Utility/MakeFloat3.uasset" 246
"../../../Engine/Content/Functions/Engine_MaterialFunctions02/Utility/MakeFloat3.uexp" 247
"../../../Engine/Content/Functions/Engine_MaterialFunctions02/SplitComponents.uasset" 248
"../../../Engine/Content/Functions/Engine_MaterialFunctions02/SplitComponents.uexp" 249
"../../../Engine/Content/Functions/Engine_MaterialFunctions02/Utility/BreakOutFloat3Components.uasset" 250
"../../../Engine/Content/Functions/Engine_MaterialFunctions02/Utility/BreakOutFloat3Components.uexp" 251
"../../../Engine/Content/Functions/Engine_MaterialFunctions02/Math/Transform3x3Matrix.uasset" 252
"../../../Engine/Content/Functions/Engine_MaterialFunctions02/Math/Transform3x3Matrix.uexp" 253
"../../../Engine/Content/VREditor/SnapGrid/SnapGridMaterial.uasset" 254
"../../../Engine/Content/VREditor/SnapGrid/SnapGridMaterial.uexp" 255
"../../../Engine/Content/VREditor/SnapGrid/SnapGridPlaneMesh.ubulk" 256
"../../../Engine/Content/VREditor/SnapGrid/SnapGridPlaneMesh.uasset" 257
"../../../Engine/Content/VREditor/SnapGrid/SnapGridPlaneMesh.uexp" 258
"../../../Engine/Content/VREditor/LaserPointer/VR_LaserPower_01.ubulk" 259
"../../../Engine/Content/VREditor/LaserPointer/VR_LaserPower_01.uasset" 260
"../../../Engine/Content/VREditor/LaserPointer/VR_LaserPower_01.uexp" 261
"../../../Engine/Content/VREditor/TransformGizmo/TransformGizmoMaterial.uasset" 262
"../../../Engine/Content/VREditor/TransformGizmo/TransformGizmoMaterial.uexp" 263
"../../../Engine/Content/VREditor/TransformGizmo/TranslucentTransformGizmoMaterial.uasset" 264
"../../../Engine/Content/VREditor/TransformGizmo/TranslucentTransformGizmoMaterial.uexp" 265
"../../../Engine/Content/VREditor/TransformGizmo/PlaneTranslationHandle.ubulk" 266
"../../../Engine/Content/VREditor/TransformGizmo/PlaneTranslationHandle.uasset" 267
"../../../Engine/Content/VREditor/TransformGizmo/PlaneTranslationHandle.uexp" 268
"../../../Engine/Content/VREditor/TransformGizmo/RotationHandleFull.ubulk" 269
"../../../Engine/Content/VREditor/TransformGizmo/RotationHandleFull.uasset" 270
"../../../Engine/Content/VREditor/TransformGizmo/RotationHandleFull.uexp" 271
"../../../Engine/Content/VREditor/TransformGizmo/RotationHandleIndicator.ubulk" 272
"../../../Engine/Content/VREditor/TransformGizmo/RotationHandleIndicator.uasset" 273
"../../../Engine/Content/VREditor/TransformGizmo/RotationHandleIndicator.uexp" 274
"../../../Engine/Content/VREditor/TransformGizmo/RotationHandleQuarter.ubulk" 275
"../../../Engine/Content/VREditor/TransformGizmo/RotationHandleQuarter.uasset" 276
"../../../Engine/Content/VREditor/TransformGizmo/RotationHandleQuarter.uexp" 277
"../../../Engine/Content/VREditor/TransformGizmo/StartRotationHandleIndicator.ubulk" 278
"../../../Engine/Content/VREditor/TransformGizmo/StartRotationHandleIndicator.uasset" 279
"../../../Engine/Content/VREditor/TransformGizmo/StartRotationHandleIndicator.uexp" 280
"../../../Engine/Content/VREditor/TransformGizmo/TranslucentTransformGizmoMaterial_Inst.uasset" 281
"../../../Engine/Content/VREditor/TransformGizmo/TranslucentTransformGizmoMaterial_Inst.uexp" 282
"../../../Engine/Content/VREditor/TransformGizmo/TransformGizmoFreeRotation.ubulk" 283
"../../../Engine/Content/VREditor/TransformGizmo/TransformGizmoFreeRotation.uasset" 284
"../../../Engine/Content/VREditor/TransformGizmo/TransformGizmoFreeRotation.uexp" 285
"../../../Engine/Content/VREditor/TransformGizmo/TransformGizmoMaterial_Inst.uasset" 286
"../../../Engine/Content/VREditor/TransformGizmo/TransformGizmoMaterial_Inst.uexp" 287
"../../../Engine/Content/VREditor/TransformGizmo/TranslateArrowHandle.ubulk" 288
"../../../Engine/Content/VREditor/TransformGizmo/TranslateArrowHandle.uasset" 289
"../../../Engine/Content/VREditor/TransformGizmo/TranslateArrowHandle.uexp" 290
"../../../Engine/Content/VREditor/TransformGizmo/UniformScaleHandle.ubulk" 291
"../../../Engine/Content/VREditor/TransformGizmo/UniformScaleHandle.uasset" 292
"../../../Engine/Content/VREditor/TransformGizmo/UniformScaleHandle.uexp" 293
"../../../Engine/Content/VREditor/Sounds/UI/Drop_Item_From_ContentBrowser.ubulk" 294
"../../../Engine/Content/VREditor/Sounds/UI/Drop_Item_From_ContentBrowser.uasset" 295
"../../../Engine/Content/VREditor/Sounds/UI/Drop_Item_From_ContentBrowser.uexp" 296
"../../../Engine/Content/VREditor/Sounds/UI/Gizmo_Handle_Clicked.ubulk" 297
"../../../Engine/Content/VREditor/Sounds/UI/Gizmo_Handle_Clicked.uasset" 298
"../../../Engine/Content/VREditor/Sounds/UI/Gizmo_Handle_Clicked.uexp" 299
"../../../Engine/Content/VREditor/Sounds/UI/Object_PickUp.ubulk" 300
"../../../Engine/Content/VREditor/Sounds/UI/Object_PickUp.uasset" 301
"../../../Engine/Content/VREditor/Sounds/UI/Object_PickUp.uexp" 302
"../../../Engine/Content/VREditor/Sounds/UI/Object_Snaps_To_Another_Actor.ubulk" 303
"../../../Engine/Content/VREditor/Sounds/UI/Object_Snaps_To_Another_Actor.uasset" 304
"../../../Engine/Content/VREditor/Sounds/UI/Object_Snaps_To_Another_Actor.uexp" 305
"../../../Engine/Content/VREditor/Sounds/UI/Object_Snaps_To_Grid.ubulk" 306
"../../../Engine/Content/VREditor/Sounds/UI/Object_Snaps_To_Grid.uasset" 307
"../../../Engine/Content/VREditor/Sounds/UI/Object_Snaps_To_Grid.uexp" 308
"../../../Engine/Content/VREditor/Sounds/UI/Scaling_Down.ubulk" 309
"../../../Engine/Content/VREditor/Sounds/UI/Scaling_Down.uasset" 310
"../../../Engine/Content/VREditor/Sounds/UI/Scaling_Down.uexp" 311
"../../../Engine/Content/VREditor/Sounds/UI/Scaling_Up.ubulk" 312
"../../../Engine/Content/VREditor/Sounds/UI/Scaling_Up.uasset" 313
"../../../Engine/Content/VREditor/Sounds/UI/Scaling_Up.uexp" 314
"../../../Engine/Content/VREditor/Sounds/UI/Selection_Changes.ubulk" 315
"../../../Engine/Content/VREditor/Sounds/UI/Selection_Changes.uasset" 316
"../../../Engine/Content/VREditor/Sounds/UI/Selection_Changes.uexp" 317
"../../../Engine/Content/Functions/Engine_MaterialFunctions02/Utility/VectorLength.uasset" 318
"../../../Engine/Content/Functions/Engine_MaterialFunctions02/Utility/VectorLength.uexp" 319
"../../../Engine/Content/Functions/Engine_MaterialFunctions02/WorldPositionOffset/ObjectScale.uasset" 320
"../../../Engine/Content/Functions/Engine_MaterialFunctions02/WorldPositionOffset/ObjectScale.uexp" 321
"../../../Engine/Plugins/Editor/SpeedTreeImporter/Content/SpeedTree9/Empty.uasset" 322
"../../../Engine/Plugins/Editor/SpeedTreeImporter/Content/SpeedTree9/Empty.uexp" 323
"../../../Engine/Plugins/Editor/SpeedTreeImporter/Content/SpeedTree9/EmptyNormal.uasset" 324
"../../../Engine/Plugins/Editor/SpeedTreeImporter/Content/SpeedTree9/EmptyNormal.uexp" 325
"../../../Engine/Plugins/Editor/SpeedTreeImporter/Content/SpeedTree9/game_wind_noise.ubulk" 326
"../../../Engine/Plugins/Editor/SpeedTreeImporter/Content/SpeedTree9/game_wind_noise.uasset" 327
"../../../Engine/Plugins/Editor/SpeedTreeImporter/Content/SpeedTree9/game_wind_noise.uexp" 328
"../../../Engine/Plugins/Editor/SpeedTreeImporter/Content/SpeedTree9/SpeedTreeBillboard.uasset" 329
"../../../Engine/Plugins/Editor/SpeedTreeImporter/Content/SpeedTree9/SpeedTreeBillboard.uexp" 330
"../../../Engine/Content/Functions/Engine_MaterialFunctions02/SafeNormalize.uasset" 331
"../../../Engine/Content/Functions/Engine_MaterialFunctions02/SafeNormalize.uexp" 332
"../../../Engine/Plugins/Editor/SpeedTreeImporter/Content/SpeedTree9/SpeedTreeWindMotion.uasset" 333
"../../../Engine/Plugins/Editor/SpeedTreeImporter/Content/SpeedTree9/SpeedTreeWindMotion.uexp" 334
"../../../Engine/Plugins/Editor/SpeedTreeImporter/Content/SpeedTree9/UnpackDirection.uasset" 335
"../../../Engine/Plugins/Editor/SpeedTreeImporter/Content/SpeedTree9/UnpackDirection.uexp" 336
"../../../Engine/Plugins/Editor/SpeedTreeImporter/Content/SpeedTree9/UnpackInteger3.uasset" 337
"../../../Engine/Plugins/Editor/SpeedTreeImporter/Content/SpeedTree9/UnpackInteger3.uexp" 338
"../../../Engine/Plugins/Editor/SpeedTreeImporter/Content/SpeedTree9/SpeedTreeBranchMotion.uasset" 339
"../../../Engine/Plugins/Editor/SpeedTreeImporter/Content/SpeedTree9/SpeedTreeBranchMotion.uexp" 340
"../../../Engine/Content/Functions/Engine_MaterialFunctions02/ObjectLocalBounds.uasset" 341
"../../../Engine/Content/Functions/Engine_MaterialFunctions02/ObjectLocalBounds.uexp" 342
"../../../Engine/Content/Functions/Engine_MaterialFunctions02/UVs/BoundingBoxBased_0-1_UVW.uasset" 343
"../../../Engine/Content/Functions/Engine_MaterialFunctions02/UVs/BoundingBoxBased_0-1_UVW.uexp" 344
"../../../Engine/Plugins/Editor/SpeedTreeImporter/Content/SpeedTree9/SpeedTreeWind.uasset" 345
"../../../Engine/Plugins/Editor/SpeedTreeImporter/Content/SpeedTree9/SpeedTreeWind.uexp" 346
"../../../Engine/Plugins/Editor/SpeedTreeImporter/Content/SpeedTree9/SpeedTreeBillboardMaster.uasset" 347
"../../../Engine/Plugins/Editor/SpeedTreeImporter/Content/SpeedTree9/SpeedTreeBillboardMaster.uexp" 348
"../../../Engine/Content/EngineMaterials/PhAT_JointLimitMaterial.uasset" 349
"../../../Engine/Content/EngineMaterials/PhAT_JointLimitMaterial.uexp" 350
"../../../Engine/Content/Functions/Engine_MaterialFunctions01/Texturing/TextureCropping.uasset" 351
"../../../Engine/Content/Functions/Engine_MaterialFunctions01/Texturing/TextureCropping.uexp" 352
"../../../Engine/Content/Functions/Engine_MaterialFunctions02/ExampleContent/DebugNumberStrip.uasset" 353
"../../../Engine/Content/Functions/Engine_MaterialFunctions02/ExampleContent/DebugNumberStrip.uexp" 354
"../../../Engine/Content/Functions/Engine_MaterialFunctions01/Debug/DebugIntValues.uasset" 355
"../../../Engine/Content/Functions/Engine_MaterialFunctions01/Debug/DebugIntValues.uexp" 356
"../../../Engine/Content/Functions/Engine_MaterialFunctions01/Texturing/ScaleUVsByCenter.uasset" 357
"../../../Engine/Content/Functions/Engine_MaterialFunctions01/Texturing/ScaleUVsByCenter.uexp" 358
"../../../Engine/Content/Functions/Engine_MaterialFunctions02/WorldPositionOffset/LocalPosition.uasset" 359
"../../../Engine/Content/Functions/Engine_MaterialFunctions02/WorldPositionOffset/LocalPosition.uexp" 360
"../../../Engine/Content/EditorLandscapeResources/LandscapeLayerUsageMaterial.uasset" 361
"../../../Engine/Content/EditorLandscapeResources/LandscapeLayerUsageMaterial.uexp" 362
"../../../Engine/Content/EngineDebugMaterials/M_SimpleUnlitTranslucent.uasset" 363
"../../../Engine/Content/EngineDebugMaterials/M_SimpleUnlitTranslucent.uexp" 364
"../../../Engine/Content/Functions/Engine_MaterialFunctions02/Utility/CameraDirectionVector.uasset" 365
"../../../Engine/Content/Functions/Engine_MaterialFunctions02/Utility/CameraDirectionVector.uexp" 366
"../../../Engine/Content/EngineDebugMaterials/VolumeToRender.uasset" 367
"../../../Engine/Content/EngineDebugMaterials/VolumeToRender.uexp" 368
"../../../Engine/Content/EngineDebugMaterials/M_VolumeRenderSphereTracePP.uasset" 369
"../../../Engine/Content/EngineDebugMaterials/M_VolumeRenderSphereTracePP.uexp" 370
"../../../Engine/Plugins/Editor/SpeedTreeImporter/Content/SpeedTree9/SpeedTreeCameraFacing.uasset" 371
"../../../Engine/Plugins/Editor/SpeedTreeImporter/Content/SpeedTree9/SpeedTreeCameraFacing.uexp" 372
"../../../Engine/Plugins/Editor/SpeedTreeImporter/Content/SpeedTree9/SpeedTreeMaster.uasset" 373
"../../../Engine/Plugins/Editor/SpeedTreeImporter/Content/SpeedTree9/SpeedTreeMaster.uexp" 374
"../../../Engine/Content/EngineMaterials/DefaultCalibrationColor.uasset" 375
"../../../Engine/Content/EngineMaterials/DefaultCalibrationColor.uexp" 376
"../../../Engine/Content/EngineMaterials/PPM_DefaultCalibrationColor.uasset" 377
"../../../Engine/Content/EngineMaterials/PPM_DefaultCalibrationColor.uexp" 378
"../../../Engine/Plugins/Animation/ControlRig/Content/Controls/ControlRigGizmoMaterial.uasset" 379
"../../../Engine/Plugins/Animation/ControlRig/Content/Controls/ControlRigGizmoMaterial.uexp" 380
"../../../Engine/Plugins/Animation/ControlRig/Content/Controls/ControlRigXRayMaterial.uasset" 381
"../../../Engine/Plugins/Animation/ControlRig/Content/Controls/ControlRigXRayMaterial.uexp" 382
"../../../Engine/Content/EngineMaterials/DefaultCalibrationGrayscale.uasset" 383
"../../../Engine/Content/EngineMaterials/DefaultCalibrationGrayscale.uexp" 384
"../../../Engine/Content/EngineMaterials/PPM_DefaultCalibrationGrayscale.uasset" 385
"../../../Engine/Content/EngineMaterials/PPM_DefaultCalibrationGrayscale.uexp" 386
"../../../Engine/Content/EngineResources/Black.uasset" 387
"../../../Engine/Content/EngineResources/Black.uexp" 388
"../../../Engine/Plugins/Animation/ControlRig/Content/Controls/ControlRig_Arrow2_1mm.ubulk" 389
"../../../Engine/Plugins/Animation/ControlRig/Content/Controls/ControlRig_Arrow2_1mm.uasset" 390
"../../../Engine/Plugins/Animation/ControlRig/Content/Controls/ControlRig_Arrow2_1mm.uexp" 391
"../../../Engine/Content/EditorLandscapeResources/WhiteSquareTexture.uasset" 392
"../../../Engine/Content/EditorLandscapeResources/WhiteSquareTexture.uexp" 393
"../../../Engine/Content/EditorLandscapeResources/LayerVisMaterial.uasset" 394
"../../../Engine/Content/EditorLandscapeResources/LayerVisMaterial.uexp" 395
"../../../Engine/Content/EngineMaterials/PreintegratedSkinBRDF.uasset" 396
"../../../Engine/Content/EngineMaterials/PreintegratedSkinBRDF.uexp" 397
"../../../Engine/Plugins/Animation/ControlRig/Content/Controls/ControlRig_Arrow2_3mm.ubulk" 398
"../../../Engine/Plugins/Animation/ControlRig/Content/Controls/ControlRig_Arrow2_3mm.uasset" 399
"../../../Engine/Plugins/Animation/ControlRig/Content/Controls/ControlRig_Arrow2_3mm.uexp" 400
"../../../Engine/Content/EngineResources/DefaultTexture.ubulk" 401
"../../../Engine/Content/EngineResources/DefaultTexture.uasset" 402
"../../../Engine/Content/EngineResources/DefaultTexture.uexp" 403
"../../../Engine/Content/Functions/Engine_MaterialFunctions03/Math/WithinRangeFloat2.uasset" 404
"../../../Engine/Content/Functions/Engine_MaterialFunctions03/Math/WithinRangeFloat2.uexp" 405
"../../../Engine/Content/EditorLandscapeResources/MaskBrushMaterial.uasset" 406
"../../../Engine/Content/EditorLandscapeResources/MaskBrushMaterial.uexp" 407
"../../../Engine/Content/EditorLandscapeResources/MaskBrushMaterial_MaskedRegion.uasset" 408
"../../../Engine/Content/EditorLandscapeResources/MaskBrushMaterial_MaskedRegion.uexp" 409
"../../../Engine/Plugins/Animation/ControlRig/Content/Controls/ControlRig_Arrow2_solid.ubulk" 410
"../../../Engine/Plugins/Animation/ControlRig/Content/Controls/ControlRig_Arrow2_solid.uasset" 411
"../../../Engine/Plugins/Animation/ControlRig/Content/Controls/ControlRig_Arrow2_solid.uexp" 412
"../../../Engine/Content/EngineResources/DefaultTextureCube.uasset" 413
"../../../Engine/Content/EngineResources/DefaultTextureCube.uexp" 414
"../../../Engine/Plugins/Animation/ControlRig/Content/Controls/ControlRig_Arrow4_1mm.ubulk" 415
"../../../Engine/Plugins/Animation/ControlRig/Content/Controls/ControlRig_Arrow4_1mm.uasset" 416
"../../../Engine/Plugins/Animation/ControlRig/Content/Controls/ControlRig_Arrow4_1mm.uexp" 417
"../../../Engine/Plugins/Animation/ControlRig/Content/Controls/ControlRig_Arrow4_3mm.ubulk" 418
"../../../Engine/Plugins/Animation/ControlRig/Content/Controls/ControlRig_Arrow4_3mm.uasset" 419
"../../../Engine/Plugins/Animation/ControlRig/Content/Controls/ControlRig_Arrow4_3mm.uexp" 420
"../../../Engine/Content/EngineResources/DefaultVolumeTexture2D.uasset" 421
"../../../Engine/Content/EngineResources/DefaultVolumeTexture2D.uexp" 422
"../../../Engine/Content/EngineResources/DefaultVolumeTexture.uasset" 423
"../../../Engine/Content/EngineResources/DefaultVolumeTexture.uexp" 424
"../../../Engine/Plugins/Animation/ControlRig/Content/Controls/ControlRig_Arrow4_solid.ubulk" 425
"../../../Engine/Plugins/Animation/ControlRig/Content/Controls/ControlRig_Arrow4_solid.uasset" 426
"../../../Engine/Plugins/Animation/ControlRig/Content/Controls/ControlRig_Arrow4_solid.uexp" 427
"../../../Engine/Content/EditorLandscapeResources/SelectBrushMaterial.uasset" 428
"../../../Engine/Content/EditorLandscapeResources/SelectBrushMaterial.uexp" 429
"../../../Engine/Content/EditorLandscapeResources/SelectBrushMaterial_Selected.uasset" 430
"../../../Engine/Content/EditorLandscapeResources/SelectBrushMaterial_Selected.uexp" 431
"../../../Engine/Content/EditorLandscapeResources/SelectBrushMaterial_SelectedRegion.uasset" 432
"../../../Engine/Content/EditorLandscapeResources/SelectBrushMaterial_SelectedRegion.uexp" 433
"../../../Engine/Content/EngineMaterials/RemoveSurfaceMaterial.uasset" 434
"../../../Engine/Content/EngineMaterials/RemoveSurfaceMaterial.uexp" 435
"../../../Engine/Plugins/Animation/ControlRig/Content/Controls/ControlRig_Arrow_1mm.ubulk" 436
"../../../Engine/Plugins/Animation/ControlRig/Content/Controls/ControlRig_Arrow_1mm.uasset" 437
"../../../Engine/Plugins/Animation/ControlRig/Content/Controls/ControlRig_Arrow_1mm.uexp" 438
"../../../Engine/Content/EditorLandscapeResources/SplineEditorMeshMat.uasset" 439
"../../../Engine/Content/EditorLandscapeResources/SplineEditorMeshMat.uexp" 440
"../../../Engine/Content/EditorLandscapeResources/SplineEditorMesh.ubulk" 441
"../../../Engine/Content/EditorLandscapeResources/SplineEditorMesh.uasset" 442
"../../../Engine/Content/EditorLandscapeResources/SplineEditorMesh.uexp" 443
"../../../Engine/Plugins/Animation/ControlRig/Content/Controls/ControlRig_Arrow_3mm.ubulk" 444
"../../../Engine/Plugins/Animation/ControlRig/Content/Controls/ControlRig_Arrow_3mm.uasset" 445
"../../../Engine/Plugins/Animation/ControlRig/Content/Controls/ControlRig_Arrow_3mm.uexp" 446
"../../../Engine/Content/EngineResources/GradientTexture0.uasset" 447
"../../../Engine/Content/EngineResources/GradientTexture0.uexp" 448
"../../../Engine/Content/EngineMaterials/SMAAAreaTex.uasset" 449
"../../../Engine/Content/EngineMaterials/SMAAAreaTex.uexp" 450
"../../../Engine/Plugins/Animation/ControlRig/Content/Controls/ControlRig_Arrow_solid.ubulk" 451
"../../../Engine/Plugins/Animation/ControlRig/Content/Controls/ControlRig_Arrow_solid.uasset" 452
"../../../Engine/Plugins/Animation/ControlRig/Content/Controls/ControlRig_Arrow_solid.uexp" 453
"../../../Engine/Content/EngineMaterials/SMAASearchTex.uasset" 454
"../../../Engine/Content/EngineMaterials/SMAASearchTex.uexp" 455
"../../../Engine/Plugins/Animation/ControlRig/Content/Controls/ControlRig_Box_1mm.ubulk" 456
"../../../Engine/Plugins/Animation/ControlRig/Content/Controls/ControlRig_Box_1mm.uasset" 457
"../../../Engine/Plugins/Animation/ControlRig/Content/Controls/ControlRig_Box_1mm.uexp" 458
"../../../Engine/Plugins/Animation/ControlRig/Content/Controls/ControlRig_Box_3mm.ubulk" 459
"../../../Engine/Plugins/Animation/ControlRig/Content/Controls/ControlRig_Box_3mm.uasset" 460
"../../../Engine/Plugins/Animation/ControlRig/Content/Controls/ControlRig_Box_3mm.uexp" 461
"../../../Engine/Plugins/Animation/ControlRig/Content/Controls/ControlRig_Box_solid.ubulk" 462
"../../../Engine/Plugins/Animation/ControlRig/Content/Controls/ControlRig_Box_solid.uasset" 463
"../../../Engine/Plugins/Animation/ControlRig/Content/Controls/ControlRig_Box_solid.uexp" 464
"../../../Engine/Plugins/Animation/ControlRig/Content/Controls/ControlRig_Circle_1mm.ubulk" 465
"../../../Engine/Plugins/Animation/ControlRig/Content/Controls/ControlRig_Circle_1mm.uasset" 466
"../../../Engine/Plugins/Animation/ControlRig/Content/Controls/ControlRig_Circle_1mm.uexp" 467
"../../../Engine/Content/EngineResources/LandscapeVisibilityLayerInfo.uasset" 468
"../../../Engine/Content/EngineResources/LandscapeVisibilityLayerInfo.uexp" 469
"../../../Engine/Plugins/Experimental/MeshModelingToolsetExp/Content/Materials/GetDisplacementVectorForDepthBias.uasset" 470
"../../../Engine/Plugins/Experimental/MeshModelingToolsetExp/Content/Materials/GetDisplacementVectorForDepthBias.uexp" 471
"../../../Engine/Content/Functions/Engine_MaterialFunctions03/Viewport/MF_OrthoWidth.uasset" 472
"../../../Engine/Content/Functions/Engine_MaterialFunctions03/Viewport/MF_OrthoWidth.uexp" 473
"../../../Engine/Content/Functions/Engine_MaterialFunctions02/Utility/FOV.uasset" 474
"../../../Engine/Content/Functions/Engine_MaterialFunctions02/Utility/FOV.uexp" 475
"../../../Engine/Content/Functions/Engine_MaterialFunctions02/WorldPositionOffset/V2/ObjectScale.uasset" 476
"../../../Engine/Content/Functions/Engine_MaterialFunctions02/WorldPositionOffset/V2/ObjectScale.uexp" 477
"../../../Engine/Plugins/Experimental/MeshModelingToolsetExp/Content/Materials/PointSetOverlaidComponentMaterial.uasset" 478
"../../../Engine/Plugins/Experimental/MeshModelingToolsetExp/Content/Materials/PointSetOverlaidComponentMaterial.uexp" 479
"../../../Engine/Plugins/Animation/ControlRig/Content/Controls/ControlRig_Circle_3mm.ubulk" 480
"../../../Engine/Plugins/Animation/ControlRig/Content/Controls/ControlRig_Circle_3mm.uasset" 481
"../../../Engine/Plugins/Animation/ControlRig/Content/Controls/ControlRig_Circle_3mm.uexp" 482
"../../../Engine/Plugins/Animation/ControlRig/Content/Controls/ControlRig_Circle_solid.ubulk" 483
"../../../Engine/Plugins/Animation/ControlRig/Content/Controls/ControlRig_Circle_solid.uasset" 484
"../../../Engine/Plugins/Animation/ControlRig/Content/Controls/ControlRig_Circle_solid.uexp" 485
"../../../Engine/Content/EditorResources/BSPVertex.uasset" 486
"../../../Engine/Content/EditorResources/BSPVertex.uexp" 487
"../../../Engine/Plugins/Animation/ControlRig/Content/Controls/ControlRig_Diamond_1mm.ubulk" 488
"../../../Engine/Plugins/Animation/ControlRig/Content/Controls/ControlRig_Diamond_1mm.uasset" 489
"../../../Engine/Plugins/Animation/ControlRig/Content/Controls/ControlRig_Diamond_1mm.uexp" 490
"../../../Engine/Plugins/Animation/ControlRig/Content/Controls/ControlRig_Diamond_3mm.ubulk" 491
"../../../Engine/Plugins/Animation/ControlRig/Content/Controls/ControlRig_Diamond_3mm.uasset" 492
"../../../Engine/Plugins/Animation/ControlRig/Content/Controls/ControlRig_Diamond_3mm.uexp" 493
"../../../Engine/Plugins/Animation/ControlRig/Content/Controls/ControlRig_Diamond_solid.ubulk" 494
"../../../Engine/Plugins/Animation/ControlRig/Content/Controls/ControlRig_Diamond_solid.uasset" 495
"../../../Engine/Plugins/Animation/ControlRig/Content/Controls/ControlRig_Diamond_solid.uexp" 496
"../../../Engine/Plugins/Animation/ControlRig/Content/Controls/ControlRig_HalfCircle_1mm.ubulk" 497
"../../../Engine/Plugins/Animation/ControlRig/Content/Controls/ControlRig_HalfCircle_1mm.uasset" 498
"../../../Engine/Plugins/Animation/ControlRig/Content/Controls/ControlRig_HalfCircle_1mm.uexp" 499
"../../../Engine/Plugins/Animation/ControlRig/Content/Controls/ControlRig_HalfCircle_3mm.ubulk" 500
"../../../Engine/Plugins/Animation/ControlRig/Content/Controls/ControlRig_HalfCircle_3mm.uasset" 501
"../../../Engine/Plugins/Animation/ControlRig/Content/Controls/ControlRig_HalfCircle_3mm.uexp" 502
"../../../Engine/Content/EngineMaterials/WeightMapPlaceholderTexture.uasset" 503
"../../../Engine/Content/EngineMaterials/WeightMapPlaceholderTexture.uexp" 504
"../../../Engine/Content/EngineMaterials/WeightMapArrayPlaceholderTexture.uasset" 505
"../../../Engine/Content/EngineMaterials/WeightMapArrayPlaceholderTexture.uexp" 506
"../../../Engine/Plugins/Animation/ControlRig/Content/Controls/ControlRig_HalfCircle_solid.ubulk" 507
"../../../Engine/Plugins/Animation/ControlRig/Content/Controls/ControlRig_HalfCircle_solid.uasset" 508
"../../../Engine/Plugins/Animation/ControlRig/Content/Controls/ControlRig_HalfCircle_solid.uexp" 509
"../../../Engine/Plugins/Animation/ControlRig/Content/Controls/ControlRig_Hexagon_1mm.ubulk" 510
"../../../Engine/Plugins/Animation/ControlRig/Content/Controls/ControlRig_Hexagon_1mm.uasset" 511
"../../../Engine/Plugins/Animation/ControlRig/Content/Controls/ControlRig_Hexagon_1mm.uexp" 512
"../../../Engine/Content/EngineResources/WhiteSquareTexture.uasset" 513
"../../../Engine/Content/EngineResources/WhiteSquareTexture.uexp" 514
"../../../Engine/Content/EngineMaterials/Widget3DPassThrough.uasset" 515
"../../../Engine/Content/EngineMaterials/Widget3DPassThrough.uexp" 516
"../../../Engine/Content/EngineMaterials/Widget3DPassThrough_Masked.uasset" 517
"../../../Engine/Content/EngineMaterials/Widget3DPassThrough_Masked.uexp" 518
"../../../Engine/Content/EngineMaterials/Widget3DPassThrough_Opaque.uasset" 519
"../../../Engine/Content/EngineMaterials/Widget3DPassThrough_Opaque.uexp" 520
"../../../Engine/Content/EngineMaterials/Widget3DPassThrough_Masked_OneSided.uasset" 521
"../../../Engine/Content/EngineMaterials/Widget3DPassThrough_Masked_OneSided.uexp" 522
"../../../Engine/Plugins/Animation/ControlRig/Content/Controls/ControlRig_Hexagon_3mm.ubulk" 523
"../../../Engine/Plugins/Animation/ControlRig/Content/Controls/ControlRig_Hexagon_3mm.uasset" 524
"../../../Engine/Plugins/Animation/ControlRig/Content/Controls/ControlRig_Hexagon_3mm.uexp" 525
"../../../Engine/Content/EngineMaterials/Widget3DPassThrough_Opaque_OneSided.uasset" 526
"../../../Engine/Content/EngineMaterials/Widget3DPassThrough_Opaque_OneSided.uexp" 527
"../../../Engine/Plugins/Animation/ControlRig/Content/Controls/ControlRig_Hexagon_solid.ubulk" 528
"../../../Engine/Plugins/Animation/ControlRig/Content/Controls/ControlRig_Hexagon_solid.uasset" 529
"../../../Engine/Plugins/Animation/ControlRig/Content/Controls/ControlRig_Hexagon_solid.uexp" 530
"../../../Engine/Content/EngineMaterials/Widget3DPassThrough_Translucent.uasset" 531
"../../../Engine/Content/EngineMaterials/Widget3DPassThrough_Translucent.uexp" 532
"../../../Engine/Content/EngineMaterials/Widget3DPassThrough_Translucent_OneSided.uasset" 533
"../../../Engine/Content/EngineMaterials/Widget3DPassThrough_Translucent_OneSided.uexp" 534
"../../../Engine/Content/EditorResources/S_Actor.ubulk" 535
"../../../Engine/Content/EditorResources/S_Actor.uasset" 536
"../../../Engine/Content/EditorResources/S_Actor.uexp" 537
"../../../Engine/Plugins/Animation/ControlRig/Content/Controls/ControlRig_Octagon_1mm.ubulk" 538
"../../../Engine/Plugins/Animation/ControlRig/Content/Controls/ControlRig_Octagon_1mm.uasset" 539
"../../../Engine/Plugins/Animation/ControlRig/Content/Controls/ControlRig_Octagon_1mm.uexp" 540
"../../../Engine/Plugins/Animation/ControlRig/Content/Controls/ControlRig_Octagon_3mm.ubulk" 541
"../../../Engine/Plugins/Animation/ControlRig/Content/Controls/ControlRig_Octagon_3mm.uasset" 542
"../../../Engine/Plugins/Animation/ControlRig/Content/Controls/ControlRig_Octagon_3mm.uexp" 543
"../../../Engine/Content/EditorResources/S_BoxReflectionCapture.uasset" 544
"../../../Engine/Content/EditorResources/S_BoxReflectionCapture.uexp" 545
"../../../Engine/Plugins/Animation/ControlRig/Content/Controls/ControlRig_Octagon_solid.ubulk" 546
"../../../Engine/Plugins/Animation/ControlRig/Content/Controls/ControlRig_Octagon_solid.uasset" 547
"../../../Engine/Plugins/Animation/ControlRig/Content/Controls/ControlRig_Octagon_solid.uexp" 548
"../../../Engine/Plugins/Animation/ControlRig/Content/Controls/ControlRig_Pyramid_1mm.ubulk" 549
"../../../Engine/Plugins/Animation/ControlRig/Content/Controls/ControlRig_Pyramid_1mm.uasset" 550
"../../../Engine/Plugins/Animation/ControlRig/Content/Controls/ControlRig_Pyramid_1mm.uexp" 551
"../../../Engine/Plugins/Animation/ControlRig/Content/Controls/ControlRig_Pyramid_3mm.ubulk" 552
"../../../Engine/Plugins/Animation/ControlRig/Content/Controls/ControlRig_Pyramid_3mm.uasset" 553
"../../../Engine/Plugins/Animation/ControlRig/Content/Controls/ControlRig_Pyramid_3mm.uexp" 554
"../../../Engine/Plugins/Animation/ControlRig/Content/Controls/ControlRig_Pyramid_solid.ubulk" 555
"../../../Engine/Plugins/Animation/ControlRig/Content/Controls/ControlRig_Pyramid_solid.uasset" 556
"../../../Engine/Plugins/Animation/ControlRig/Content/Controls/ControlRig_Pyramid_solid.uexp" 557
"../../../Engine/Content/EngineMaterials/DefaultBloomKernel.uasset" 558
"../../../Engine/Content/EngineMaterials/DefaultBloomKernel.uexp" 559
"../../../Engine/Content/EngineMaterials/DefaultBokeh.uasset" 560
"../../../Engine/Content/EngineMaterials/DefaultBokeh.uexp" 561
"../../../Engine/Plugins/Animation/ControlRig/Content/Controls/ControlRig_QuarterCircle_1mm.ubulk" 562
"../../../Engine/Plugins/Animation/ControlRig/Content/Controls/ControlRig_QuarterCircle_1mm.uasset" 563
"../../../Engine/Plugins/Animation/ControlRig/Content/Controls/ControlRig_QuarterCircle_1mm.uexp" 564
"../../../Engine/Plugins/Animation/ControlRig/Content/Controls/ControlRig_QuarterCircle_3mm.ubulk" 565
"../../../Engine/Plugins/Animation/ControlRig/Content/Controls/ControlRig_QuarterCircle_3mm.uasset" 566
"../../../Engine/Plugins/Animation/ControlRig/Content/Controls/ControlRig_QuarterCircle_3mm.uexp" 567
"../../../Engine/Plugins/Animation/ControlRig/Content/Controls/ControlRig_QuarterCircle_solid.ubulk" 568
"../../../Engine/Plugins/Animation/ControlRig/Content/Controls/ControlRig_QuarterCircle_solid.uasset" 569
"../../../Engine/Plugins/Animation/ControlRig/Content/Controls/ControlRig_QuarterCircle_solid.uexp" 570
"../../../Engine/Plugins/Interchange/Assets/Content/Functions/MX_SheenBSDF.uasset" 571
"../../../Engine/Plugins/Interchange/Assets/Content/Functions/MX_SheenBSDF.uexp" 572
"../../../Engine/Plugins/Animation/ControlRig/Content/Controls/ControlRig_RoundedSquare_1mm.ubulk" 573
"../../../Engine/Plugins/Animation/ControlRig/Content/Controls/ControlRig_RoundedSquare_1mm.uasset" 574
"../../../Engine/Plugins/Animation/ControlRig/Content/Controls/ControlRig_RoundedSquare_1mm.uexp" 575
"../../../Engine/Plugins/Animation/ControlRig/Content/Controls/ControlRig_RoundedSquare_3mm.ubulk" 576
"../../../Engine/Plugins/Animation/ControlRig/Content/Controls/ControlRig_RoundedSquare_3mm.uasset" 577
"../../../Engine/Plugins/Animation/ControlRig/Content/Controls/ControlRig_RoundedSquare_3mm.uexp" 578
"../../../Engine/Plugins/Animation/ControlRig/Content/Controls/ControlRig_RoundedSquare_solid.ubulk" 579
"../../../Engine/Plugins/Animation/ControlRig/Content/Controls/ControlRig_RoundedSquare_solid.uasset" 580
"../../../Engine/Plugins/Animation/ControlRig/Content/Controls/ControlRig_RoundedSquare_solid.uexp" 581
"../../../Engine/Content/EditorMaterials/Camera/CineMat.uasset" 582
"../../../Engine/Content/EditorMaterials/Camera/CineMat.uexp" 583
"../../../Engine/Content/EditorMaterials/Camera/MI_CineMat_Rig.uasset" 584
"../../../Engine/Content/EditorMaterials/Camera/MI_CineMat_Rig.uexp" 585
"../../../Engine/Content/EditorMeshes/Camera/SM_CraneRig_Base.ubulk" 586
"../../../Engine/Content/EditorMeshes/Camera/SM_CraneRig_Base.uasset" 587
"../../../Engine/Content/EditorMeshes/Camera/SM_CraneRig_Base.uexp" 588
"../../../Engine/Plugins/Interchange/Assets/Content/Functions/MX_SubsurfaceBSDF.uasset" 589
"../../../Engine/Plugins/Interchange/Assets/Content/Functions/MX_SubsurfaceBSDF.uexp" 590
"../../../Engine/Plugins/Animation/ControlRig/Content/Controls/ControlRig_RoundedTriangle_1mm.ubulk" 591
"../../../Engine/Plugins/Animation/ControlRig/Content/Controls/ControlRig_RoundedTriangle_1mm.uasset" 592
"../../../Engine/Plugins/Animation/ControlRig/Content/Controls/ControlRig_RoundedTriangle_1mm.uexp" 593
"../../../Engine/Plugins/Interchange/Assets/Content/Functions/MX_Surface.uasset" 594
"../../../Engine/Plugins/Interchange/Assets/Content/Functions/MX_Surface.uexp" 595
"../../../Engine/Content/EditorMeshes/Camera/SM_CraneRig_Body.ubulk" 596
"../../../Engine/Content/EditorMeshes/Camera/SM_CraneRig_Body.uasset" 597
"../../../Engine/Content/EditorMeshes/Camera/SM_CraneRig_Body.uexp" 598
"../../../Engine/Plugins/Interchange/Assets/Content/Functions/MX_AbsorptionVDF.uasset" 599
"../../../Engine/Plugins/Interchange/Assets/Content/Functions/MX_AbsorptionVDF.uexp" 600
"../../../Engine/Plugins/Interchange/Assets/Content/Functions/MX_SurfaceUnlit.uasset" 601
"../../../Engine/Plugins/Interchange/Assets/Content/Functions/MX_SurfaceUnlit.uexp" 602
"../../../Engine/Plugins/Animation/ControlRig/Content/Controls/ControlRig_RoundedTriangle_3mm.ubulk" 603
"../../../Engine/Plugins/Animation/ControlRig/Content/Controls/ControlRig_RoundedTriangle_3mm.uasset" 604
"../../../Engine/Plugins/Animation/ControlRig/Content/Controls/ControlRig_RoundedTriangle_3mm.uexp" 605
"../../../Engine/Content/EditorMeshes/Camera/SM_CraneRig_Mount.ubulk" 606
"../../../Engine/Content/EditorMeshes/Camera/SM_CraneRig_Mount.uasset" 607
"../../../Engine/Content/EditorMeshes/Camera/SM_CraneRig_Mount.uexp" 608
"../../../Engine/Plugins/Animation/ControlRig/Content/Controls/ControlRig_RoundedTriangle_solid.ubulk" 609
"../../../Engine/Plugins/Animation/ControlRig/Content/Controls/ControlRig_RoundedTriangle_solid.uasset" 610
"../../../Engine/Plugins/Animation/ControlRig/Content/Controls/ControlRig_RoundedTriangle_solid.uexp" 611
"../../../Engine/Content/EditorMeshes/Camera/SM_RailRig_Mount.ubulk" 612
"../../../Engine/Content/EditorMeshes/Camera/SM_RailRig_Mount.uasset" 613
"../../../Engine/Content/EditorMeshes/Camera/SM_RailRig_Mount.uexp" 614
"../../../Engine/Plugins/Animation/ControlRig/Content/Controls/ControlRig_Sphere_1mm.ubulk" 615
"../../../Engine/Plugins/Animation/ControlRig/Content/Controls/ControlRig_Sphere_1mm.uasset" 616
"../../../Engine/Plugins/Animation/ControlRig/Content/Controls/ControlRig_Sphere_1mm.uexp" 617
"../../../Engine/Content/EditorMeshes/Camera/SM_RailRig_Track.ubulk" 618
"../../../Engine/Content/EditorMeshes/Camera/SM_RailRig_Track.uasset" 619
"../../../Engine/Content/EditorMeshes/Camera/SM_RailRig_Track.uexp" 620
"../../../Engine/Plugins/Interchange/Assets/Content/Functions/MX_TranslucentBSDF.uasset" 621
"../../../Engine/Plugins/Interchange/Assets/Content/Functions/MX_TranslucentBSDF.uexp" 622
"../../../Engine/Plugins/Interchange/Assets/Content/Functions/MX_AnisotropicVDF.uasset" 623
"../../../Engine/Plugins/Interchange/Assets/Content/Functions/MX_AnisotropicVDF.uexp" 624
"../../../Engine/Plugins/Animation/ControlRig/Content/Controls/ControlRig_Sphere_3mm.ubulk" 625
"../../../Engine/Plugins/Animation/ControlRig/Content/Controls/ControlRig_Sphere_3mm.uasset" 626
"../../../Engine/Plugins/Animation/ControlRig/Content/Controls/ControlRig_Sphere_3mm.uexp" 627
"../../../Engine/Plugins/Interchange/Assets/Content/Functions/MX_BurleyDiffuseBSDF.uasset" 628
"../../../Engine/Plugins/Interchange/Assets/Content/Functions/MX_BurleyDiffuseBSDF.uexp" 629
"../../../Engine/Plugins/Animation/ControlRig/Content/Controls/ControlRig_Sphere_solid.ubulk" 630
"../../../Engine/Plugins/Animation/ControlRig/Content/Controls/ControlRig_Sphere_solid.uasset" 631
"../../../Engine/Plugins/Animation/ControlRig/Content/Controls/ControlRig_Sphere_solid.uexp" 632
"../../../Engine/Plugins/Animation/ControlRig/Content/Controls/ControlRig_Square_1mm.ubulk" 633
"../../../Engine/Plugins/Animation/ControlRig/Content/Controls/ControlRig_Square_1mm.uasset" 634
"../../../Engine/Plugins/Animation/ControlRig/Content/Controls/ControlRig_Square_1mm.uexp" 635
"../../../Engine/Plugins/Interchange/Assets/Content/Functions/MX_ChiangHairBSDF.uasset" 636
"../../../Engine/Plugins/Interchange/Assets/Content/Functions/MX_ChiangHairBSDF.uexp" 637
"../../../Engine/Plugins/Interchange/Assets/Content/Functions/MX_UniformEDF.uasset" 638
"../../../Engine/Plugins/Interchange/Assets/Content/Functions/MX_UniformEDF.uexp" 639
"../../../Engine/Plugins/Animation/ControlRig/Content/Controls/ControlRig_Square_3mm.ubulk" 640
"../../../Engine/Plugins/Animation/ControlRig/Content/Controls/ControlRig_Square_3mm.uasset" 641
"../../../Engine/Plugins/Animation/ControlRig/Content/Controls/ControlRig_Square_3mm.uexp" 642
"../../../Engine/Content/EngineMaterials/EnergyConservation/Diffuse_Energy.uasset" 643
"../../../Engine/Content/EngineMaterials/EnergyConservation/Diffuse_Energy.uexp" 644
"../../../Engine/Plugins/Interchange/Assets/Content/Functions/MX_UsdPreviewSurface.uasset" 645
"../../../Engine/Plugins/Interchange/Assets/Content/Functions/MX_UsdPreviewSurface.uexp" 646
"../../../Engine/Plugins/Interchange/Assets/Content/Functions/MX_ConductorBSDF.uasset" 647
"../../../Engine/Plugins/Interchange/Assets/Content/Functions/MX_ConductorBSDF.uexp" 648
"../../../Engine/Plugins/Animation/ControlRig/Content/Controls/ControlRig_Square_solid.ubulk" 649
"../../../Engine/Plugins/Animation/ControlRig/Content/Controls/ControlRig_Square_solid.uasset" 650
"../../../Engine/Plugins/Animation/ControlRig/Content/Controls/ControlRig_Square_solid.uexp" 651
"../../../Engine/Plugins/Interchange/Assets/Content/Functions/MX_ConicalEDF.uasset" 652
"../../../Engine/Plugins/Interchange/Assets/Content/Functions/MX_ConicalEDF.uexp" 653
"../../../Engine/Plugins/Animation/ControlRig/Content/Controls/ControlRig_Star4_1mm.ubulk" 654
"../../../Engine/Plugins/Animation/ControlRig/Content/Controls/ControlRig_Star4_1mm.uasset" 655
"../../../Engine/Plugins/Animation/ControlRig/Content/Controls/ControlRig_Star4_1mm.uexp" 656
"../../../Engine/Plugins/Interchange/Assets/Content/Functions/MX_DielectricBSDF.uasset" 657
"../../../Engine/Plugins/Interchange/Assets/Content/Functions/MX_DielectricBSDF.uexp" 658
"../../../Engine/Plugins/Interchange/Assets/Content/Functions/MX_Displacement.uasset" 659
"../../../Engine/Plugins/Interchange/Assets/Content/Functions/MX_Displacement.uexp" 660
"../../../Engine/Plugins/Animation/ControlRig/Content/Controls/ControlRig_Star4_3mm.ubulk" 661
"../../../Engine/Plugins/Animation/ControlRig/Content/Controls/ControlRig_Star4_3mm.uasset" 662
"../../../Engine/Plugins/Animation/ControlRig/Content/Controls/ControlRig_Star4_3mm.uexp" 663
"../../../Engine/Content/EngineMaterials/EnergyConservation/GGX_ReflectionEnergy.uasset" 664
"../../../Engine/Content/EngineMaterials/EnergyConservation/GGX_ReflectionEnergy.uexp" 665
"../../../Engine/Plugins/Interchange/Runtime/Content/Pipelines/DefaultAssetsPipeline.uasset" 666
"../../../Engine/Plugins/Interchange/Runtime/Content/Pipelines/DefaultAssetsPipeline.uexp" 667
"../../../Engine/Plugins/Interchange/Runtime/Content/Pipelines/DefaultAudioPipeline.uasset" 668
"../../../Engine/Plugins/Interchange/Runtime/Content/Pipelines/DefaultAudioPipeline.uexp" 669
"../../../Engine/Plugins/Interchange/Runtime/Content/Pipelines/DefaultGLTFAssetsPipeline.uasset" 670
"../../../Engine/Plugins/Interchange/Runtime/Content/Pipelines/DefaultGLTFAssetsPipeline.uexp" 671
"../../../Engine/Plugins/Interchange/Runtime/Content/Pipelines/DefaultGLTFPipeline.uasset" 672
"../../../Engine/Plugins/Interchange/Runtime/Content/Pipelines/DefaultGLTFPipeline.uexp" 673
"../../../Engine/Plugins/Interchange/Runtime/Content/Pipelines/DefaultGLTFSceneAssetsPipeline.uasset" 674
"../../../Engine/Plugins/Interchange/Runtime/Content/Pipelines/DefaultGLTFSceneAssetsPipeline.uexp" 675
"../../../Engine/Plugins/Interchange/Runtime/Content/Pipelines/DefaultMaterialPipeline.uasset" 676
"../../../Engine/Plugins/Interchange/Runtime/Content/Pipelines/DefaultMaterialPipeline.uexp" 677
"../../../Engine/Plugins/Interchange/Runtime/Content/Pipelines/DefaultMaterialXPipeline.uasset" 678
"../../../Engine/Plugins/Interchange/Runtime/Content/Pipelines/DefaultMaterialXPipeline.uexp" 679
"../../../Engine/Plugins/Interchange/Runtime/Content/Pipelines/DefaultSceneAssetsPipeline.uasset" 680
"../../../Engine/Plugins/Interchange/Runtime/Content/Pipelines/DefaultSceneAssetsPipeline.uexp" 681
"../../../Engine/Plugins/Interchange/Runtime/Content/Pipelines/DefaultSceneLevelPipeline.uasset" 682
"../../../Engine/Plugins/Interchange/Runtime/Content/Pipelines/DefaultSceneLevelPipeline.uexp" 683
"../../../Engine/Plugins/Interchange/Runtime/Content/Pipelines/DefaultTexturePipeline.uasset" 684
"../../../Engine/Plugins/Interchange/Runtime/Content/Pipelines/DefaultTexturePipeline.uexp" 685
"../../../Engine/Plugins/Animation/ControlRig/Content/Controls/ControlRig_Star4_solid.ubulk" 686
"../../../Engine/Plugins/Animation/ControlRig/Content/Controls/ControlRig_Star4_solid.uasset" 687
"../../../Engine/Plugins/Animation/ControlRig/Content/Controls/ControlRig_Star4_solid.uexp" 688
"../../../Engine/Plugins/Interchange/Assets/Content/Functions/MX_GeneralizedSchlickBSDF.uasset" 689
"../../../Engine/Plugins/Interchange/Assets/Content/Functions/MX_GeneralizedSchlickBSDF.uexp" 690
"../../../Engine/Plugins/Animation/ControlRig/Content/Controls/ControlRig_Triangle_1mm.ubulk" 691
"../../../Engine/Plugins/Animation/ControlRig/Content/Controls/ControlRig_Triangle_1mm.uasset" 692
"../../../Engine/Plugins/Animation/ControlRig/Content/Controls/ControlRig_Triangle_1mm.uexp" 693
"../../../Engine/Content/EngineMaterials/EnergyConservation/GGX_TransmissionEnergyArray.uasset" 694
"../../../Engine/Content/EngineMaterials/EnergyConservation/GGX_TransmissionEnergyArray.uexp" 695
"../../../Engine/Plugins/Animation/ControlRig/Content/Controls/ControlRig_Triangle_3mm.ubulk" 696
"../../../Engine/Plugins/Animation/ControlRig/Content/Controls/ControlRig_Triangle_3mm.uasset" 697
"../../../Engine/Plugins/Animation/ControlRig/Content/Controls/ControlRig_Triangle_3mm.uexp" 698
"../../../Engine/Content/EngineMaterials/EnergyConservation/SheenLegacy_Energy.uasset" 699
"../../../Engine/Content/EngineMaterials/EnergyConservation/SheenLegacy_Energy.uexp" 700
"../../../Engine/Plugins/Animation/ControlRig/Content/Controls/ControlRig_Triangle_solid.ubulk" 701
"../../../Engine/Plugins/Animation/ControlRig/Content/Controls/ControlRig_Triangle_solid.uasset" 702
"../../../Engine/Plugins/Animation/ControlRig/Content/Controls/ControlRig_Triangle_solid.uexp" 703
"../../../Engine/Content/EngineMaterials/EnergyConservation/Sheen_Energy.uasset" 704
"../../../Engine/Content/EngineMaterials/EnergyConservation/Sheen_Energy.uexp" 705
"../../../Engine/Plugins/Animation/ControlRig/Content/Controls/ControlRig_Wedge_1mm.ubulk" 706
"../../../Engine/Plugins/Animation/ControlRig/Content/Controls/ControlRig_Wedge_1mm.uasset" 707
"../../../Engine/Plugins/Animation/ControlRig/Content/Controls/ControlRig_Wedge_1mm.uexp" 708
"../../../Engine/Plugins/Interchange/Assets/Content/Functions/MX_MeasuredEDF.uasset" 709
"../../../Engine/Plugins/Interchange/Assets/Content/Functions/MX_MeasuredEDF.uexp" 710
"../../../Engine/Content/EngineMaterials/LTC/GGX_LTCAmp.uasset" 711
"../../../Engine/Content/EngineMaterials/LTC/GGX_LTCAmp.uexp" 712
"../../../Engine/Plugins/Animation/ControlRig/Content/Controls/ControlRig_Wedge_3mm.ubulk" 713
"../../../Engine/Plugins/Animation/ControlRig/Content/Controls/ControlRig_Wedge_3mm.uasset" 714
"../../../Engine/Plugins/Animation/ControlRig/Content/Controls/ControlRig_Wedge_3mm.uexp" 715
"../../../Engine/Plugins/Interchange/Assets/Content/Functions/MF_IridescenceNoLUT.uasset" 716
"../../../Engine/Plugins/Interchange/Assets/Content/Functions/MF_IridescenceNoLUT.uexp" 717
"../../../Engine/Plugins/Interchange/Assets/Content/Functions/MX_StandardSurface.uasset" 718
"../../../Engine/Plugins/Interchange/Assets/Content/Functions/MX_StandardSurface.uexp" 719
"../../../Engine/Plugins/Interchange/Assets/Content/Functions/MX_OpenPBR_Opaque.uasset" 720
"../../../Engine/Plugins/Interchange/Assets/Content/Functions/MX_OpenPBR_Opaque.uexp" 721
"../../../Engine/Plugins/Interchange/Assets/Content/Functions/MX_TransmissionSurface.uasset" 722
"../../../Engine/Plugins/Interchange/Assets/Content/Functions/MX_TransmissionSurface.uexp" 723
"../../../Engine/Plugins/Interchange/Assets/Content/Functions/MX_OpenPBR_Translucent.uasset" 724
"../../../Engine/Plugins/Interchange/Assets/Content/Functions/MX_OpenPBR_Translucent.uexp" 725
"../../../Engine/Content/EngineMaterials/LTC/GGX_LTCMat.uasset" 726
"../../../Engine/Content/EngineMaterials/LTC/GGX_LTCMat.uexp" 727
"../../../Engine/Plugins/Animation/ControlRig/Content/Controls/ControlRig_Wedge_solid.ubulk" 728
"../../../Engine/Plugins/Animation/ControlRig/Content/Controls/ControlRig_Wedge_solid.uasset" 729
"../../../Engine/Plugins/Animation/ControlRig/Content/Controls/ControlRig_Wedge_solid.uexp" 730
"../../../Engine/Plugins/Interchange/Assets/Content/Functions/MX_OrenNayarBSDF.uasset" 731
"../../../Engine/Plugins/Interchange/Assets/Content/Functions/MX_OrenNayarBSDF.uexp" 732
"../../../Engine/Content/EngineMaterials/LTC/Sheen_LTC.uasset" 733
"../../../Engine/Content/EngineMaterials/LTC/Sheen_LTC.uexp" 734
"../../../Engine/Content/EditorMaterials/Dataflow/DataflowTwoSidedVertexMaterial.uasset" 735
"../../../Engine/Content/EditorMaterials/Dataflow/DataflowTwoSidedVertexMaterial.uexp" 736
"../../../Engine/Content/EditorMaterials/Dataflow/DataflowVertexMaterial.uasset" 737
"../../../Engine/Content/EditorMaterials/Dataflow/DataflowVertexMaterial.uexp" 738
"../../../Engine/Content/EngineResources/Development/ZenLogo_64.uasset" 739
"../../../Engine/Content/EngineResources/Development/ZenLogo_64.uexp" 740
"../../../Engine/Content/EngineResources/FilmGrains/Marcie_Grain_v3_128_M2_000.uasset" 741
"../../../Engine/Content/EngineResources/FilmGrains/Marcie_Grain_v3_128_M2_000.uexp" 742
"../../../Engine/Content/EditorResources/SequenceRecorder/Countdown.uasset" 743
"../../../Engine/Content/EditorResources/SequenceRecorder/Countdown.uexp" 744
"../../../Engine/Content/EditorResources/SequenceRecorder/RecordingIndicator.uasset" 745
"../../../Engine/Content/EditorResources/SequenceRecorder/RecordingIndicator.uexp" 746
"../../../Engine/Plugins/Runtime/AudioWidgets/Content/Resources/ScrubHandleDown_Clamped.uasset" 747
"../../../Engine/Plugins/Runtime/AudioWidgets/Content/Resources/ScrubHandleDown_Clamped.uexp" 748
"../../../Engine/Plugins/Interchange/Assets/Content/Substrate/MX_SimpleVolume.uasset" 749
"../../../Engine/Plugins/Interchange/Assets/Content/Substrate/MX_SimpleVolume.uexp" 750
"../../../Engine/Content/EditorMaterials/ParticleSystems/PSysThumbnail_NoImage.ubulk" 751
"../../../Engine/Content/EditorMaterials/ParticleSystems/PSysThumbnail_NoImage.uasset" 752
"../../../Engine/Content/EditorMaterials/ParticleSystems/PSysThumbnail_NoImage.uexp" 753
"../../../Engine/Content/EditorMaterials/ParticleSystems/PSysThumbnail_OOD.ubulk" 754
"../../../Engine/Content/EditorMaterials/ParticleSystems/PSysThumbnail_OOD.uasset" 755
"../../../Engine/Content/EditorMaterials/ParticleSystems/PSysThumbnail_OOD.uexp" 756
"../../../Engine/Content/EditorMeshes/Camera/SM_CraneRig_Arm.ubulk" 757
"../../../Engine/Content/EditorMeshes/Camera/SM_CraneRig_Arm.uasset" 758
"../../../Engine/Content/EditorMeshes/Camera/SM_CraneRig_Arm.uexp" 759
"../../../Engine/Plugins/Runtime/HairStrands/Content/Materials/HairCardsDefaultMaterial.uasset" 760
"../../../Engine/Plugins/Runtime/HairStrands/Content/Materials/HairCardsDefaultMaterial.uexp" 761
"../../../Engine/Content/VREditor/TransformGizmo/BoundingBoxCorner.ubulk" 762
"../../../Engine/Content/VREditor/TransformGizmo/BoundingBoxCorner.uasset" 763
"../../../Engine/Content/VREditor/TransformGizmo/BoundingBoxCorner.uexp" 764
"../../../Engine/Content/Functions/Engine_MaterialFunctions02/Utility/MakeFloat2.uasset" 765
"../../../Engine/Content/Functions/Engine_MaterialFunctions02/Utility/MakeFloat2.uexp" 766
"../../../Engine/Content/EngineMaterials/HairColorMap.uasset" 767
"../../../Engine/Content/EngineMaterials/HairColorMap.uexp" 768
"../../../Engine/Content/EngineMaterials/HairDebugColor.uasset" 769
"../../../Engine/Content/EngineMaterials/HairDebugColor.uexp" 770
"../../../Engine/Plugins/Runtime/HairStrands/Content/Materials/HairGroupColors.uasset" 771
"../../../Engine/Plugins/Runtime/HairStrands/Content/Materials/HairGroupColors.uexp" 772
"../../../Engine/Plugins/Runtime/HairStrands/Content/Materials/HairDebugMaterial.uasset" 773
"../../../Engine/Plugins/Runtime/HairStrands/Content/Materials/HairDebugMaterial.uexp" 774
"../../../Engine/Plugins/Runtime/HairStrands/Content/Materials/HairDefaultMaterial.uasset" 775
"../../../Engine/Plugins/Runtime/HairStrands/Content/Materials/HairDefaultMaterial.uexp" 776
"../../../Engine/Content/VREditor/TransformGizmo/BoundingBoxEdge.ubulk" 777
"../../../Engine/Content/VREditor/TransformGizmo/BoundingBoxEdge.uasset" 778
"../../../Engine/Content/VREditor/TransformGizmo/BoundingBoxEdge.uexp" 779
"../../../Engine/Plugins/Runtime/HairStrands/Content/Materials/HairMeshesDefaultMaterial.uasset" 780
"../../../Engine/Plugins/Runtime/HairStrands/Content/Materials/HairMeshesDefaultMaterial.uexp" 781
"../../../Engine/Content/EngineMaterials/Substrate/GLints/AGlintTex2dArray.uasset" 782
"../../../Engine/Content/EngineMaterials/Substrate/GLints/AGlintTex2dArray.uexp" 783
"../../../Engine/Content/Functions/Engine_MaterialFunctions01/Texturing/FlattenNormal.uasset" 784
"../../../Engine/Content/Functions/Engine_MaterialFunctions01/Texturing/FlattenNormal.uexp" 785
"../../../Engine/Plugins/Interchange/Assets/Content/Utilities/New_LUT.uasset" 786
"../../../Engine/Plugins/Interchange/Assets/Content/Utilities/New_LUT.uexp" 787
"../../../Engine/Content/Functions/Engine_MaterialFunctions03/Math/RemapValueRange.uasset" 788
"../../../Engine/Content/Functions/Engine_MaterialFunctions03/Math/RemapValueRange.uexp" 789
"../../../Engine/Plugins/Interchange/Assets/Content/Functions/MF_Iridescence.uasset" 790
"../../../Engine/Plugins/Interchange/Assets/Content/Functions/MF_Iridescence.uexp" 791
"../../../Engine/Plugins/Interchange/Assets/Content/gltf/Textures/T_White_srgb.uasset" 792
"../../../Engine/Plugins/Interchange/Assets/Content/gltf/Textures/T_White_srgb.uexp" 793
"../../../Engine/Plugins/Interchange/Assets/Content/gltf/MaterialFunctions/MF_BaseColor.uasset" 794
"../../../Engine/Plugins/Interchange/Assets/Content/gltf/MaterialFunctions/MF_BaseColor.uexp" 795
"../../../Engine/Plugins/Interchange/Assets/Content/gltf/MaterialFunctions/MF_RotateNormals_TS.uasset" 796
"../../../Engine/Plugins/Interchange/Assets/Content/gltf/MaterialFunctions/MF_RotateNormals_TS.uexp" 797
"../../../Engine/Plugins/Interchange/Assets/Content/gltf/Textures/T_Generic_N.uasset" 798
"../../../Engine/Plugins/Interchange/Assets/Content/gltf/Textures/T_Generic_N.uexp" 799
"../../../Engine/Plugins/Interchange/Assets/Content/gltf/Textures/T_White_Linear.uasset" 800
"../../../Engine/Plugins/Interchange/Assets/Content/gltf/Textures/T_White_Linear.uexp" 801
"../../../Engine/Plugins/Interchange/Assets/Content/gltf/MaterialFunctions/MF_Clearcoat.uasset" 802
"../../../Engine/Plugins/Interchange/Assets/Content/gltf/MaterialFunctions/MF_Clearcoat.uexp" 803
"../../../Engine/Plugins/Interchange/Assets/Content/gltf/MaterialFunctions/MF_Emissive.uasset" 804
"../../../Engine/Plugins/Interchange/Assets/Content/gltf/MaterialFunctions/MF_Emissive.uexp" 805
"../../../Engine/Plugins/Interchange/Assets/Content/gltf/MaterialFunctions/MF_IOR.uasset" 806
"../../../Engine/Plugins/Interchange/Assets/Content/gltf/MaterialFunctions/MF_IOR.uexp" 807
"../../../Engine/Plugins/Interchange/Assets/Content/gltf/MaterialFunctions/MF_Iridescence.uasset" 808
"../../../Engine/Plugins/Interchange/Assets/Content/gltf/MaterialFunctions/MF_Iridescence.uexp" 809
"../../../Engine/Plugins/Interchange/Assets/Content/gltf/MaterialFunctions/MF_MetallicRoughness.uasset" 810
"../../../Engine/Plugins/Interchange/Assets/Content/gltf/MaterialFunctions/MF_MetallicRoughness.uexp" 811
"../../../Engine/Plugins/Interchange/Assets/Content/gltf/MaterialFunctions/MF_ScaleNormal.uasset" 812
"../../../Engine/Plugins/Interchange/Assets/Content/gltf/MaterialFunctions/MF_ScaleNormal.uexp" 813
"../../../Engine/Plugins/Interchange/Assets/Content/gltf/MaterialFunctions/MF_Normals.uasset" 814
"../../../Engine/Plugins/Interchange/Assets/Content/gltf/MaterialFunctions/MF_Normals.uexp" 815
"../../../Engine/Plugins/Interchange/Assets/Content/gltf/MaterialFunctions/MF_Occlusion.uasset" 816
"../../../Engine/Plugins/Interchange/Assets/Content/gltf/MaterialFunctions/MF_Occlusion.uexp" 817
"../../../Engine/Plugins/Interchange/Assets/Content/gltf/MaterialFunctions/MF_Specular.uasset" 818
"../../../Engine/Plugins/Interchange/Assets/Content/gltf/MaterialFunctions/MF_Specular.uexp" 819
"../../../Engine/Plugins/Interchange/Assets/Content/gltf/Textures/T_Anisotropy_Direction_Linear.uasset" 820
"../../../Engine/Plugins/Interchange/Assets/Content/gltf/Textures/T_Anisotropy_Direction_Linear.uexp" 821
"../../../Engine/Plugins/Interchange/Assets/Content/gltf/MaterialFunctions/MF_SpecularAnisotropy.uasset" 822
"../../../Engine/Plugins/Interchange/Assets/Content/gltf/MaterialFunctions/MF_SpecularAnisotropy.uexp" 823
"../../../Engine/Plugins/Interchange/Assets/Content/gltf/MaterialFunctions/MF_RotateV2.uasset" 824
"../../../Engine/Plugins/Interchange/Assets/Content/gltf/MaterialFunctions/MF_RotateV2.uexp" 825
"../../../Engine/Plugins/Interchange/Assets/Content/gltf/MaterialFunctions/MF_TransformUVs.uasset" 826
"../../../Engine/Plugins/Interchange/Assets/Content/gltf/MaterialFunctions/MF_TransformUVs.uexp" 827
"../../../Engine/Plugins/Interchange/Assets/Content/gltf/MaterialBodies/MF_ClearCoat_Body.uasset" 828
"../../../Engine/Plugins/Interchange/Assets/Content/gltf/MaterialBodies/MF_ClearCoat_Body.uexp" 829
"../../../Engine/Plugins/Interchange/Assets/Content/gltf/M_ClearCoat.uasset" 830
"../../../Engine/Plugins/Interchange/Assets/Content/gltf/M_ClearCoat.uexp" 831
"../../../Engine/Plugins/Interchange/Assets/Content/gltf/MaterialInstances/MI_ClearCoat_Blend.uasset" 832
"../../../Engine/Plugins/Interchange/Assets/Content/gltf/MaterialInstances/MI_ClearCoat_Blend.uexp" 833
"../../../Engine/Plugins/Interchange/Assets/Content/gltf/MaterialInstances/MI_ClearCoat_Blend_DS.uasset" 834
"../../../Engine/Plugins/Interchange/Assets/Content/gltf/MaterialInstances/MI_ClearCoat_Blend_DS.uexp" 835
"../../../Engine/Plugins/Interchange/Assets/Content/gltf/MaterialInstances/MI_ClearCoat_Mask.uasset" 836
"../../../Engine/Plugins/Interchange/Assets/Content/gltf/MaterialInstances/MI_ClearCoat_Mask.uexp" 837
"../../../Engine/Plugins/Interchange/Assets/Content/gltf/MaterialInstances/MI_ClearCoat_Mask_DS.uasset" 838
"../../../Engine/Plugins/Interchange/Assets/Content/gltf/MaterialInstances/MI_ClearCoat_Mask_DS.uexp" 839
"../../../Engine/Plugins/Interchange/Assets/Content/gltf/MaterialInstances/MI_ClearCoat_Opaque.uasset" 840
"../../../Engine/Plugins/Interchange/Assets/Content/gltf/MaterialInstances/MI_ClearCoat_Opaque.uexp" 841
"../../../Engine/Plugins/Interchange/Assets/Content/gltf/MaterialInstances/MI_ClearCoat_Opaque_DS.uasset" 842
"../../../Engine/Plugins/Interchange/Assets/Content/gltf/MaterialInstances/MI_ClearCoat_Opaque_DS.uexp" 843
"../../../Engine/Plugins/Interchange/Assets/Content/gltf/MaterialBodies/MF_Default_Body.uasset" 844
"../../../Engine/Plugins/Interchange/Assets/Content/gltf/MaterialBodies/MF_Default_Body.uexp" 845
"../../../Engine/Plugins/Interchange/Assets/Content/gltf/M_Default.uasset" 846
"../../../Engine/Plugins/Interchange/Assets/Content/gltf/M_Default.uexp" 847
"../../../Engine/Plugins/Interchange/Assets/Content/gltf/MaterialInstances/MI_Default_Blend.uasset" 848
"../../../Engine/Plugins/Interchange/Assets/Content/gltf/MaterialInstances/MI_Default_Blend.uexp" 849
"../../../Engine/Plugins/Interchange/Assets/Content/gltf/MaterialInstances/MI_Default_Blend_DS.uasset" 850
"../../../Engine/Plugins/Interchange/Assets/Content/gltf/MaterialInstances/MI_Default_Blend_DS.uexp" 851
"../../../Engine/Plugins/Interchange/Assets/Content/gltf/MaterialInstances/MI_Default_Mask.uasset" 852
"../../../Engine/Plugins/Interchange/Assets/Content/gltf/MaterialInstances/MI_Default_Mask.uexp" 853
"../../../Engine/Plugins/Interchange/Assets/Content/gltf/MaterialInstances/MI_Default_Mask_DS.uasset" 854
"../../../Engine/Plugins/Interchange/Assets/Content/gltf/MaterialInstances/MI_Default_Mask_DS.uexp" 855
"../../../Engine/Plugins/Interchange/Assets/Content/gltf/MaterialInstances/MI_Default_Opaque.uasset" 856
"../../../Engine/Plugins/Interchange/Assets/Content/gltf/MaterialInstances/MI_Default_Opaque.uexp" 857
"../../../Engine/Plugins/Interchange/Assets/Content/gltf/MaterialInstances/MI_Default_Opaque_DS.uasset" 858
"../../../Engine/Plugins/Interchange/Assets/Content/gltf/MaterialInstances/MI_Default_Opaque_DS.uexp" 859
"../../../Engine/Plugins/Interchange/Assets/Content/gltf/MaterialFunctions/MF_Sheen.uasset" 860
"../../../Engine/Plugins/Interchange/Assets/Content/gltf/MaterialFunctions/MF_Sheen.uexp" 861
"../../../Engine/Plugins/Interchange/Assets/Content/gltf/MaterialBodies/MF_Sheen_Body.uasset" 862
"../../../Engine/Plugins/Interchange/Assets/Content/gltf/MaterialBodies/MF_Sheen_Body.uexp" 863
"../../../Engine/Plugins/Interchange/Assets/Content/gltf/M_Sheen.uasset" 864
"../../../Engine/Plugins/Interchange/Assets/Content/gltf/M_Sheen.uexp" 865
"../../../Engine/Plugins/Interchange/Assets/Content/gltf/MaterialInstances/MI_Sheen_Blend.uasset" 866
"../../../Engine/Plugins/Interchange/Assets/Content/gltf/MaterialInstances/MI_Sheen_Blend.uexp" 867
"../../../Engine/Plugins/Interchange/Assets/Content/gltf/MaterialInstances/MI_Sheen_Blend_DS.uasset" 868
"../../../Engine/Plugins/Interchange/Assets/Content/gltf/MaterialInstances/MI_Sheen_Blend_DS.uexp" 869
"../../../Engine/Plugins/Interchange/Assets/Content/gltf/MaterialInstances/MI_Sheen_Mask.uasset" 870
"../../../Engine/Plugins/Interchange/Assets/Content/gltf/MaterialInstances/MI_Sheen_Mask.uexp" 871
"../../../Engine/Plugins/Interchange/Assets/Content/gltf/MaterialInstances/MI_Sheen_Mask_DS.uasset" 872
"../../../Engine/Plugins/Interchange/Assets/Content/gltf/MaterialInstances/MI_Sheen_Mask_DS.uexp" 873
"../../../Engine/Plugins/Interchange/Assets/Content/gltf/MaterialInstances/MI_Sheen_Opaque.uasset" 874
"../../../Engine/Plugins/Interchange/Assets/Content/gltf/MaterialInstances/MI_Sheen_Opaque.uexp" 875
"../../../Engine/Plugins/Interchange/Assets/Content/gltf/MaterialInstances/MI_Sheen_Opaque_DS.uasset" 876
"../../../Engine/Plugins/Interchange/Assets/Content/gltf/MaterialInstances/MI_Sheen_Opaque_DS.uexp" 877
"../../../Engine/Plugins/Interchange/Assets/Content/gltf/MaterialFunctions/MF_DiffuseSpecGloss.uasset" 878
"../../../Engine/Plugins/Interchange/Assets/Content/gltf/MaterialFunctions/MF_DiffuseSpecGloss.uexp" 879
"../../../Engine/Plugins/Interchange/Assets/Content/gltf/MaterialFunctions/MF_MaxComponentValue.uasset" 880
"../../../Engine/Plugins/Interchange/Assets/Content/gltf/MaterialFunctions/MF_MaxComponentValue.uexp" 881
"../../../Engine/Content/Functions/Engine_MaterialFunctions02/Math/AddComponents.uasset" 882
"../../../Engine/Content/Functions/Engine_MaterialFunctions02/Math/AddComponents.uexp" 883
"../../../Engine/Plugins/Interchange/Assets/Content/gltf/MaterialFunctions/MF_PerceivedBrightness.uasset" 884
"../../../Engine/Plugins/Interchange/Assets/Content/gltf/MaterialFunctions/MF_PerceivedBrightness.uexp" 885
"../../../Engine/Plugins/Interchange/Assets/Content/gltf/MaterialFunctions/MF_SpecGlossToMetalRoughness.uasset" 886
"../../../Engine/Plugins/Interchange/Assets/Content/gltf/MaterialFunctions/MF_SpecGlossToMetalRoughness.uexp" 887
"../../../Engine/Plugins/Interchange/Assets/Content/gltf/MaterialBodies/MF_SpecularGlossiness_Body.uasset" 888
"../../../Engine/Plugins/Interchange/Assets/Content/gltf/MaterialBodies/MF_SpecularGlossiness_Body.uexp" 889
"../../../Engine/Plugins/Interchange/Assets/Content/gltf/M_SpecularGlossiness.uasset" 890
"../../../Engine/Plugins/Interchange/Assets/Content/gltf/M_SpecularGlossiness.uexp" 891
"../../../Engine/Plugins/Interchange/Assets/Content/gltf/MaterialInstances/MI_SpecularGlossiness_Blend.uasset" 892
"../../../Engine/Plugins/Interchange/Assets/Content/gltf/MaterialInstances/MI_SpecularGlossiness_Blend.uexp" 893
"../../../Engine/Plugins/Interchange/Assets/Content/gltf/MaterialInstances/MI_SpecularGlossiness_Blend_DS.uasset" 894
"../../../Engine/Plugins/Interchange/Assets/Content/gltf/MaterialInstances/MI_SpecularGlossiness_Blend_DS.uexp" 895
"../../../Engine/Plugins/Interchange/Assets/Content/gltf/MaterialInstances/MI_SpecularGlossiness_Mask.uasset" 896
"../../../Engine/Plugins/Interchange/Assets/Content/gltf/MaterialInstances/MI_SpecularGlossiness_Mask.uexp" 897
"../../../Engine/Plugins/Interchange/Assets/Content/gltf/MaterialInstances/MI_SpecularGlossiness_Mask_DS.uasset" 898
"../../../Engine/Plugins/Interchange/Assets/Content/gltf/MaterialInstances/MI_SpecularGlossiness_Mask_DS.uexp" 899
"../../../Engine/Plugins/Interchange/Assets/Content/gltf/MaterialInstances/MI_SpecularGlossiness_Opaque.uasset" 900
"../../../Engine/Plugins/Interchange/Assets/Content/gltf/MaterialInstances/MI_SpecularGlossiness_Opaque.uexp" 901
"../../../Engine/Plugins/Interchange/Assets/Content/gltf/MaterialInstances/MI_SpecularGlossiness_Opaque_DS.uasset" 902
"../../../Engine/Plugins/Interchange/Assets/Content/gltf/MaterialInstances/MI_SpecularGlossiness_Opaque_DS.uexp" 903
"../../../Engine/Content/EngineMaterials/Good64x64TilingNoiseHighFreq.uasset" 904
"../../../Engine/Content/EngineMaterials/Good64x64TilingNoiseHighFreq.uexp" 905
"../../../Engine/Content/Functions/Engine_MaterialFunctions02/Texturing/ScreenAlignedPixelToPixelUVs.uasset" 906
"../../../Engine/Content/Functions/Engine_MaterialFunctions02/Texturing/ScreenAlignedPixelToPixelUVs.uexp" 907
"../../../Engine/Plugins/Interchange/Assets/Content/gltf/MaterialFunctions/MF_Fresnel_DS.uasset" 908
"../../../Engine/Plugins/Interchange/Assets/Content/gltf/MaterialFunctions/MF_Fresnel_DS.uexp" 909
"../../../Engine/Plugins/Interchange/Assets/Content/gltf/MaterialFunctions/MF_Temporal_Blur.uasset" 910
"../../../Engine/Plugins/Interchange/Assets/Content/gltf/MaterialFunctions/MF_Temporal_Blur.uexp" 911
"../../../Engine/Plugins/Interchange/Assets/Content/gltf/MaterialFunctions/MF_Transmission.uasset" 912
"../../../Engine/Plugins/Interchange/Assets/Content/gltf/MaterialFunctions/MF_Transmission.uexp" 913
"../../../Engine/Plugins/Interchange/Assets/Content/gltf/MaterialBodies/MF_Transmission_Body.uasset" 914
"../../../Engine/Plugins/Interchange/Assets/Content/gltf/MaterialBodies/MF_Transmission_Body.uexp" 915
"../../../Engine/Plugins/Interchange/Assets/Content/gltf/M_Transmission.uasset" 916
"../../../Engine/Plugins/Interchange/Assets/Content/gltf/M_Transmission.uexp" 917
"../../../Engine/Plugins/Interchange/Assets/Content/gltf/MaterialInstances/MI_Transmission.uasset" 918
"../../../Engine/Plugins/Interchange/Assets/Content/gltf/MaterialInstances/MI_Transmission.uexp" 919
"../../../Engine/Plugins/Interchange/Assets/Content/gltf/MaterialInstances/MI_Transmission_DS.uasset" 920
"../../../Engine/Plugins/Interchange/Assets/Content/gltf/MaterialInstances/MI_Transmission_DS.uexp" 921
"../../../Engine/Plugins/Interchange/Assets/Content/gltf/MaterialBodies/MF_Unlit_Body.uasset" 922
"../../../Engine/Plugins/Interchange/Assets/Content/gltf/MaterialBodies/MF_Unlit_Body.uexp" 923
"../../../Engine/Plugins/Interchange/Assets/Content/gltf/M_Unlit.uasset" 924
"../../../Engine/Plugins/Interchange/Assets/Content/gltf/M_Unlit.uexp" 925
"../../../Engine/Plugins/Interchange/Assets/Content/gltf/MaterialInstances/MI_Unlit_Blend.uasset" 926
"../../../Engine/Plugins/Interchange/Assets/Content/gltf/MaterialInstances/MI_Unlit_Blend.uexp" 927
"../../../Engine/Plugins/Interchange/Assets/Content/gltf/MaterialInstances/MI_Unlit_Blend_DS.uasset" 928
"../../../Engine/Plugins/Interchange/Assets/Content/gltf/MaterialInstances/MI_Unlit_Blend_DS.uexp" 929
"../../../Engine/Plugins/Interchange/Assets/Content/gltf/MaterialInstances/MI_Unlit_Mask.uasset" 930
"../../../Engine/Plugins/Interchange/Assets/Content/gltf/MaterialInstances/MI_Unlit_Mask.uexp" 931
"../../../Engine/Plugins/Interchange/Assets/Content/gltf/MaterialInstances/MI_Unlit_Mask_DS.uasset" 932
"../../../Engine/Plugins/Interchange/Assets/Content/gltf/MaterialInstances/MI_Unlit_Mask_DS.uexp" 933
"../../../Engine/Plugins/Interchange/Assets/Content/gltf/MaterialInstances/MI_Unlit_Opaque.uasset" 934
"../../../Engine/Plugins/Interchange/Assets/Content/gltf/MaterialInstances/MI_Unlit_Opaque.uexp" 935
"../../../Engine/Plugins/Interchange/Assets/Content/gltf/MaterialInstances/MI_Unlit_Opaque_DS.uasset" 936
"../../../Engine/Plugins/Interchange/Assets/Content/gltf/MaterialInstances/MI_Unlit_Opaque_DS.uexp" 937
"../../../Engine/Content/ArtTools/RenderToTexture/Meshes/S_1_Unit_Plane.ubulk" 938
"../../../Engine/Content/ArtTools/RenderToTexture/Meshes/S_1_Unit_Plane.uasset" 939
"../../../Engine/Content/ArtTools/RenderToTexture/Meshes/S_1_Unit_Plane.uexp" 940
"../../../Engine/Plugins/Animation/DeformerGraph/Content/DeformerFunctions/DG_Function_LinearBlendSkin_Morph_Cloth.uasset" 941
"../../../Engine/Plugins/Animation/DeformerGraph/Content/DeformerFunctions/DG_Function_LinearBlendSkin_Morph_Cloth.uexp" 942
"../../../Engine/Plugins/Animation/DeformerGraph/Content/Deformers/DG_LinearBlendSkin_Morph_Cloth.uasset" 943
"../../../Engine/Plugins/Animation/DeformerGraph/Content/Deformers/DG_LinearBlendSkin_Morph_Cloth.uexp" 944
"../../../Engine/Plugins/Animation/DeformerGraph/Content/DeformerFunctions/DG_Function_ComputeNormalsTangents.uasset" 945
"../../../Engine/Plugins/Animation/DeformerGraph/Content/DeformerFunctions/DG_Function_ComputeNormalsTangents.uexp" 946
"../../../Engine/Plugins/Animation/DeformerGraph/Content/DeformerFunctions/DG_Function_LinearBlendSkin_Morph_Cloth_PositionOnly.uasset" 947
"../../../Engine/Plugins/Animation/DeformerGraph/Content/DeformerFunctions/DG_Function_LinearBlendSkin_Morph_Cloth_PositionOnly.uexp" 948
"../../../Engine/Plugins/Animation/DeformerGraph/Content/Deformers/DG_LinearBlendSkin_Morph_Cloth_RecomputeNormals.uasset" 949
"../../../Engine/Plugins/Animation/DeformerGraph/Content/Deformers/DG_LinearBlendSkin_Morph_Cloth_RecomputeNormals.uexp" 950
"../../../Engine/Content/EngineMaterials/Substrate/Glints2/AGlintTex2dArray2.uasset" 951
"../../../Engine/Content/EngineMaterials/Substrate/Glints2/AGlintTex2dArray2.uexp" 952
"../../../Engine/Content/EngineMaterials/Substrate/Volume/SubstrateSimpleVolumeEnvLUT3D.uasset" 953
"../../../Engine/Content/EngineMaterials/Substrate/Volume/SubstrateSimpleVolumeEnvLUT3D.uexp" 954
"../../../Engine/Content/EngineMaterials/Substrate/Volume/SubstrateSimpleVolumeLUT3D.uasset" 955
"../../../Engine/Content/EngineMaterials/Substrate/Volume/SubstrateSimpleVolumeLUT3D.uexp" 956
"../../../Engine/Content/Functions/Engine_MaterialFunctions01/Shading/ConvertFromDiffSpec.uasset" 957
"../../../Engine/Content/Functions/Engine_MaterialFunctions01/Shading/ConvertFromDiffSpec.uexp" 958
"../../../Engine/Content/Functions/Engine_MaterialFunctions01/Shading/PowerToRoughness.uasset" 959
"../../../Engine/Content/Functions/Engine_MaterialFunctions01/Shading/PowerToRoughness.uexp" 960
"../../../Engine/Content/BasicShapes/Cube.ubulk" 961
"../../../Engine/Content/BasicShapes/Cube.uasset" 962
"../../../Engine/Content/BasicShapes/Cube.uexp" 963
"A:/project/GGM/Content/_Core/Input/Actions/IA_DebugRoot.uasset" 964
"A:/project/GGM/Content/_Core/Input/Actions/IA_DebugRoot.uexp" 965
"A:/project/GGM/Content/_Core/Input/Actions/IA_DebugStun.uasset" 966
"A:/project/GGM/Content/_Core/Input/Actions/IA_DebugStun.uexp" 967
"A:/project/GGM/Content/_Core/Input/Actions/IA_Jump.uasset" 968
"A:/project/GGM/Content/_Core/Input/Actions/IA_Jump.uexp" 969
"A:/project/GGM/Content/_Core/Input/Actions/IA_Look.uasset" 970
"A:/project/GGM/Content/_Core/Input/Actions/IA_Look.uexp" 971
"A:/project/GGM/Content/_Core/Input/Actions/IA_Move.uasset" 972
"A:/project/GGM/Content/_Core/Input/Actions/IA_Move.uexp" 973
"A:/project/GGM/Content/_Core/Input/Actions/IA_ToggleWalk.uasset" 974
"A:/project/GGM/Content/_Core/Input/Actions/IA_ToggleWalk.uexp" 975
"A:/project/GGM/Content/_Core/Input/Actions/IA_Zoom.uasset" 976
"A:/project/GGM/Content/_Core/Input/Actions/IA_Zoom.uexp" 977
"A:/project/GGM/Content/_Core/Input/IMC_Default.uasset" 978
"A:/project/GGM/Content/_Core/Input/IMC_Default.uexp" 979
"A:/project/GGM/Content/_Core/Player/BP_GGMPlayerController.uasset" 980
"A:/project/GGM/Content/_Core/Player/BP_GGMPlayerController.uexp" 981
"A:/project/GGM/Content/_Game/Combat/DA_GGMCombat.uasset" 982
"A:/project/GGM/Content/_Game/Combat/DA_GGMCombat.uexp" 983
"A:/project/GGM/Content/Art/Characters/Mannequins/Meshes/SK_Mannequin.uasset" 984
"A:/project/GGM/Content/Art/Characters/Mannequins/Meshes/SK_Mannequin.uexp" 985
"../../../Engine/Plugins/Animation/ACLPlugin/Content/ACLAnimBoneCompressionSettings.uasset" 986
"../../../Engine/Plugins/Animation/ACLPlugin/Content/ACLAnimBoneCompressionSettings.uexp" 987
"../../../Engine/Plugins/Animation/ACLPlugin/Content/ACLAnimCurveCompressionSettings.uasset" 988
"../../../Engine/Plugins/Animation/ACLPlugin/Content/ACLAnimCurveCompressionSettings.uexp" 989
"../../../Engine/Content/Animation/DefaultVariableFrameStrippingSettings.uasset" 990
"../../../Engine/Content/Animation/DefaultVariableFrameStrippingSettings.uexp" 991
"A:/project/GGM/Content/_Game/Characters/Player/Animation/Combat/AS_Sword_attack_00.uasset" 992
"A:/project/GGM/Content/_Game/Characters/Player/Animation/Combat/AS_Sword_attack_00.uexp" 993
"A:/project/GGM/Content/_Game/Characters/Player/Animation/Montages/AM_SS_attack_00.uasset" 994
"A:/project/GGM/Content/_Game/Characters/Player/Animation/Montages/AM_SS_attack_00.uexp" 995
"A:/project/GGM/Content/_Game/Characters/Player/Animation/Combat/AS_Shield_block_00.uasset" 996
"A:/project/GGM/Content/_Game/Characters/Player/Animation/Combat/AS_Shield_block_00.uexp" 997
"A:/project/GGM/Content/_Game/Characters/Player/Animation/Montages/AM_SS_Block.uasset" 998
"A:/project/GGM/Content/_Game/Characters/Player/Animation/Montages/AM_SS_Block.uexp" 999
"A:/project/GGM/Content/_Game/Combat/DA_Weapon_Sword_01.uasset" 1000
"A:/project/GGM/Content/_Game/Combat/DA_Weapon_Sword_01.uexp" 1001
"A:/project/GGM/Content/Art/Weapons/Shield/Shield.ubulk" 1002
"A:/project/GGM/Content/Art/Weapons/Shield/Shield.uasset" 1003
"A:/project/GGM/Content/Art/Weapons/Shield/Shield.uexp" 1004
"A:/project/GGM/Content/Art/Weapons/Sword/Sword.ubulk" 1005
"A:/project/GGM/Content/Art/Weapons/Sword/Sword.uasset" 1006
"A:/project/GGM/Content/Art/Weapons/Sword/Sword.uexp" 1007
"A:/project/GGM/Content/Art/Characters/Mannequins/Rigs/PA_Mannequin.uasset" 1008
"A:/project/GGM/Content/Art/Characters/Mannequins/Rigs/PA_Mannequin.uexp" 1009
"A:/project/GGM/Content/Art/Characters/Mannequins/Textures/Manny/T_Manny_01_BN.ubulk" 1010
"A:/project/GGM/Content/Art/Characters/Mannequins/Textures/Manny/T_Manny_01_BN.uasset" 1011
"A:/project/GGM/Content/Art/Characters/Mannequins/Textures/Manny/T_Manny_01_BN.uexp" 1012
"A:/project/GGM/Content/Art/Characters/Mannequins/Textures/Manny/T_Manny_01_D.ubulk" 1013
"A:/project/GGM/Content/Art/Characters/Mannequins/Textures/Manny/T_Manny_01_D.uasset" 1014
"A:/project/GGM/Content/Art/Characters/Mannequins/Textures/Manny/T_Manny_01_D.uexp" 1015
"A:/project/GGM/Content/Art/Characters/Mannequins/Textures/Manny/T_Manny_01_MRA.ubulk" 1016
"A:/project/GGM/Content/Art/Characters/Mannequins/Textures/Manny/T_Manny_01_MRA.uasset" 1017
"A:/project/GGM/Content/Art/Characters/Mannequins/Textures/Manny/T_Manny_01_MRA.uexp" 1018
"A:/project/GGM/Content/Art/Characters/Mannequins/Textures/Shared/T_UE_Logo_M.uasset" 1019
"A:/project/GGM/Content/Art/Characters/Mannequins/Textures/Shared/T_UE_Logo_M.uexp" 1020
"A:/project/GGM/Content/Art/Characters/Mannequins/Materials/M_Mannequin.uasset" 1021
"A:/project/GGM/Content/Art/Characters/Mannequins/Materials/M_Mannequin.uexp" 1022
"A:/project/GGM/Content/Art/Characters/Mannequins/Materials/Manny/MI_Manny_01_New.uasset" 1023
"A:/project/GGM/Content/Art/Characters/Mannequins/Materials/Manny/MI_Manny_01_New.uexp" 1024
"A:/project/GGM/Content/Art/Characters/Mannequins/Textures/Manny/T_Manny_02_BN.ubulk" 1025
"A:/project/GGM/Content/Art/Characters/Mannequins/Textures/Manny/T_Manny_02_BN.uasset" 1026
"A:/project/GGM/Content/Art/Characters/Mannequins/Textures/Manny/T_Manny_02_BN.uexp" 1027
"A:/project/GGM/Content/Art/Characters/Mannequins/Textures/Manny/T_Manny_02_D.ubulk" 1028
"A:/project/GGM/Content/Art/Characters/Mannequins/Textures/Manny/T_Manny_02_D.uasset" 1029
"A:/project/GGM/Content/Art/Characters/Mannequins/Textures/Manny/T_Manny_02_D.uexp" 1030
"A:/project/GGM/Content/Art/Characters/Mannequins/Textures/Manny/T_Manny_02_MRA.ubulk" 1031
"A:/project/GGM/Content/Art/Characters/Mannequins/Textures/Manny/T_Manny_02_MRA.uasset" 1032
"A:/project/GGM/Content/Art/Characters/Mannequins/Textures/Manny/T_Manny_02_MRA.uexp" 1033
"A:/project/GGM/Content/Art/Characters/Mannequins/Materials/Manny/MI_Manny_02_New.uasset" 1034
"A:/project/GGM/Content/Art/Characters/Mannequins/Materials/Manny/MI_Manny_02_New.uexp" 1035
"A:/project/GGM/Content/Art/Characters/Mannequins/Meshes/SKM_Manny_Simple.uasset" 1036
"A:/project/GGM/Content/Art/Characters/Mannequins/Meshes/SKM_Manny_Simple.uexp" 1037
"A:/project/GGM/Content/_Game/Characters/Player/Animation/Locomotion/AS_Travel_B.uasset" 1038
"A:/project/GGM/Content/_Game/Characters/Player/Animation/Locomotion/AS_Travel_B.uexp" 1039
"A:/project/GGM/Content/_Game/Characters/Player/Animation/Locomotion/AS_Travel_BL.uasset" 1040
"A:/project/GGM/Content/_Game/Characters/Player/Animation/Locomotion/AS_Travel_BL.uexp" 1041
"A:/project/GGM/Content/_Game/Characters/Player/Animation/Locomotion/AS_Travel_BR.uasset" 1042
"A:/project/GGM/Content/_Game/Characters/Player/Animation/Locomotion/AS_Travel_BR.uexp" 1043
"A:/project/GGM/Content/_Game/Characters/Player/Animation/Locomotion/AS_Travel_F.uasset" 1044
"A:/project/GGM/Content/_Game/Characters/Player/Animation/Locomotion/AS_Travel_F.uexp" 1045
"A:/project/GGM/Content/_Game/Characters/Player/Animation/Locomotion/AS_Travel_FL.uasset" 1046
"A:/project/GGM/Content/_Game/Characters/Player/Animation/Locomotion/AS_Travel_FL.uexp" 1047
"A:/project/GGM/Content/_Game/Characters/Player/Animation/Locomotion/AS_Travel_FR.uasset" 1048
"A:/project/GGM/Content/_Game/Characters/Player/Animation/Locomotion/AS_Travel_FR.uexp" 1049
"A:/project/GGM/Content/_Game/Characters/Player/Animation/Locomotion/AS_Travel_Idle.uasset" 1050
"A:/project/GGM/Content/_Game/Characters/Player/Animation/Locomotion/AS_Travel_Idle.uexp" 1051
"A:/project/GGM/Content/_Game/Characters/Player/Animation/Locomotion/AS_Travel_L.uasset" 1052
"A:/project/GGM/Content/_Game/Characters/Player/Animation/Locomotion/AS_Travel_L.uexp" 1053
"A:/project/GGM/Content/_Game/Characters/Player/Animation/Locomotion/AS_Travel_R.uasset" 1054
"A:/project/GGM/Content/_Game/Characters/Player/Animation/Locomotion/AS_Travel_R.uexp" 1055
"A:/project/GGM/Content/_Game/Characters/Player/Animation/Locomotion/AS_Flex_B.uasset" 1056
"A:/project/GGM/Content/_Game/Characters/Player/Animation/Locomotion/AS_Flex_B.uexp" 1057
"A:/project/GGM/Content/_Game/Characters/Player/Animation/Locomotion/AS_Flex_BL.uasset" 1058
"A:/project/GGM/Content/_Game/Characters/Player/Animation/Locomotion/AS_Flex_BL.uexp" 1059
"A:/project/GGM/Content/_Game/Characters/Player/Animation/Locomotion/AS_Flex_BR.uasset" 1060
"A:/project/GGM/Content/_Game/Characters/Player/Animation/Locomotion/AS_Flex_BR.uexp" 1061
"A:/project/GGM/Content/_Game/Characters/Player/Animation/Locomotion/AS_Flex_F.uasset" 1062
"A:/project/GGM/Content/_Game/Characters/Player/Animation/Locomotion/AS_Flex_F.uexp" 1063
"A:/project/GGM/Content/_Game/Characters/Player/Animation/Locomotion/AS_Flex_FL.uasset" 1064
"A:/project/GGM/Content/_Game/Characters/Player/Animation/Locomotion/AS_Flex_FL.uexp" 1065
"A:/project/GGM/Content/_Game/Characters/Player/Animation/Locomotion/AS_Flex_FR.uasset" 1066
"A:/project/GGM/Content/_Game/Characters/Player/Animation/Locomotion/AS_Flex_FR.uexp" 1067
"A:/project/GGM/Content/_Game/Characters/Player/Animation/Locomotion/AS_Flex_Idle.uasset" 1068
"A:/project/GGM/Content/_Game/Characters/Player/Animation/Locomotion/AS_Flex_Idle.uexp" 1069
"A:/project/GGM/Content/_Game/Characters/Player/Animation/Locomotion/AS_Flex_L.uasset" 1070
"A:/project/GGM/Content/_Game/Characters/Player/Animation/Locomotion/AS_Flex_L.uexp" 1071
"A:/project/GGM/Content/_Game/Characters/Player/Animation/Locomotion/AS_Flex_R.uasset" 1072
"A:/project/GGM/Content/_Game/Characters/Player/Animation/Locomotion/AS_Flex_R.uexp" 1073
"A:/project/GGM/Content/_Game/Characters/Player/Animation/Locomotion/AS_Combat_B.uasset" 1074
"A:/project/GGM/Content/_Game/Characters/Player/Animation/Locomotion/AS_Combat_B.uexp" 1075
"A:/project/GGM/Content/_Game/Characters/Player/Animation/Locomotion/AS_Combat_BL.uasset" 1076
"A:/project/GGM/Content/_Game/Characters/Player/Animation/Locomotion/AS_Combat_BL.uexp" 1077
"A:/project/GGM/Content/_Game/Characters/Player/Animation/Locomotion/AS_Combat_BR.uasset" 1078
"A:/project/GGM/Content/_Game/Characters/Player/Animation/Locomotion/AS_Combat_BR.uexp" 1079
"A:/project/GGM/Content/_Game/Characters/Player/Animation/Locomotion/AS_Combat_F.uasset" 1080
"A:/project/GGM/Content/_Game/Characters/Player/Animation/Locomotion/AS_Combat_F.uexp" 1081
"A:/project/GGM/Content/_Game/Characters/Player/Animation/Locomotion/AS_Combat_FL.uasset" 1082
"A:/project/GGM/Content/_Game/Characters/Player/Animation/Locomotion/AS_Combat_FL.uexp" 1083
"A:/project/GGM/Content/_Game/Characters/Player/Animation/Locomotion/AS_Combat_FR.uasset" 1084
"A:/project/GGM/Content/_Game/Characters/Player/Animation/Locomotion/AS_Combat_FR.uexp" 1085
"A:/project/GGM/Content/_Game/Characters/Player/Animation/Locomotion/AS_Combat_Idle.uasset" 1086
"A:/project/GGM/Content/_Game/Characters/Player/Animation/Locomotion/AS_Combat_Idle.uexp" 1087
"A:/project/GGM/Content/_Game/Characters/Player/Animation/Locomotion/AS_Combat_L.uasset" 1088
"A:/project/GGM/Content/_Game/Characters/Player/Animation/Locomotion/AS_Combat_L.uexp" 1089
"A:/project/GGM/Content/_Game/Characters/Player/Animation/Locomotion/AS_Combat_R.uasset" 1090
"A:/project/GGM/Content/_Game/Characters/Player/Animation/Locomotion/AS_Combat_R.uexp" 1091
"A:/project/GGM/Content/_Game/Characters/Player/Animation/ABP_Character.uasset" 1092
"A:/project/GGM/Content/_Game/Characters/Player/Animation/ABP_Character.uexp" 1093
"A:/project/GGM/Content/_Game/Characters/Player/BP_GGMCharacter.uasset" 1094
"A:/project/GGM/Content/_Game/Characters/Player/BP_GGMCharacter.uexp" 1095
"A:/project/GGM/Content/_Core/GameModes/BP_GGMGameMode.uasset" 1096
"A:/project/GGM/Content/_Core/GameModes/BP_GGMGameMode.uexp" 1097
"A:/project/GGM/Content/Maps/L_DevArena.uexp" 1098
"A:/project/GGM/Content/Maps/L_DevArena.umap" 1099
"../../../Engine/Content/Maps/Entry_BuiltData.uasset" 1100
"../../../Engine/Content/Maps/Entry_BuiltData.uexp" 1101
"../../../Engine/Content/Maps/Entry.uexp" 1102
"../../../Engine/Content/Maps/Entry.umap" 1103
